2025-09-11 17:32:49,430 - INFO - ============================================================
2025-09-11 17:32:49,431 - INFO - SISTEMA DE LOGGING INICIALIZADO
2025-09-11 17:32:49,431 - INFO - Archivo de log: logs/traffic_sim_20250911_173249.log
2025-09-11 17:32:49,431 - INFO - Nivel de logging: INFO
2025-09-11 17:32:49,431 - INFO - ============================================================
2025-09-11 17:32:49,714 - INFO - Creados 66 semﾃ｡foros en total
2025-09-11 17:32:49,715 - INFO - Simulaciﾃｳn inicializada correctamente
2025-09-11 17:32:49,715 - INFO - Configuraciﾃｳn: 1600x1000
2025-09-11 17:32:49,715 - INFO - Calles creadas: 51
2025-09-11 17:32:49,715 - INFO - Semﾃ｡foros instalados: 66
2025-09-11 17:32:49,715 - INFO - Edificios: 25
2025-09-11 17:32:49,715 - INFO - Hora inicial: 08:00
2025-09-11 17:32:50,856 - INFO - [17:32:50] NUEVO COMBI - COMBI_2757 en (1200,65)
2025-09-11 17:32:50,857 - WARNING - 泅ｨ ALERTA: Congestiﾃｳn CRﾃ控ICA en NORTE (100.0%)
2025-09-11 17:32:50,857 - WARNING - 泅ｨ ALERTA: Congestiﾃｳn CRﾃ控ICA en ESTE (100.0%)
2025-09-11 17:32:51,031 - INFO - 笨 Congestiﾃｳn en NORTE normalizada (0.0%)
2025-09-11 17:32:51,031 - INFO - 笨 Congestiﾃｳn en ESTE normalizada (0.0%)
2025-09-11 17:32:51,979 - INFO - [17:32:51] NUEVO AUTO - AUTO_1324 en (900,78)
2025-09-11 17:32:53,091 - INFO - [17:32:53] NUEVO TAXI - TAXI_2413 en (913,161)
2025-09-11 17:32:54,378 - INFO - [17:32:54] NUEVO COMBI - COMBI_2035 en (1400,25)
2025-09-11 17:32:54,795 - INFO - [17:32:54] SEMﾃ：ORO (1200,200) -> AMARILLO
2025-09-11 17:32:54,907 - INFO - [17:32:54] SEMﾃ：ORO (350,450) -> AMARILLO
2025-09-11 17:32:54,972 - INFO - [17:32:54] SEMﾃ：ORO (600,400) -> AMARILLO
2025-09-11 17:32:54,987 - INFO - [17:32:54] SEMﾃ：ORO (800,100) -> AMARILLO
2025-09-11 17:32:55,292 - INFO - [17:32:55] NUEVO TAXI - TAXI_5136 en (800,36)
2025-09-11 17:32:55,309 - INFO - [17:32:55] SEMﾃ：ORO (1400,200) -> AMARILLO
2025-09-11 17:32:55,388 - INFO - [17:32:55] SEMﾃ：ORO (200,720) -> AMARILLO
2025-09-11 17:32:55,420 - INFO - [17:32:55] SEMﾃ：ORO (400,520) -> AMARILLO
2025-09-11 17:32:55,565 - INFO - [17:32:55] SEMﾃ：ORO (1000,600) -> AMARILLO
2025-09-11 17:32:55,630 - INFO - [17:32:55] PARADA DE PASAJEROS (1.6s) - COMBI_2035 en (1400,105)
2025-09-11 17:32:55,693 - WARNING - 泅ｨ ALERTA: Congestiﾃｳn CRﾃ控ICA en NORTE (100.0%)
2025-09-11 17:32:55,774 - INFO - [17:32:55] SEMﾃ：ORO (700,600) -> AMARILLO
2025-09-11 17:32:55,823 - INFO - [17:32:55] SEMﾃ：ORO (1100,200) -> AMARILLO
2025-09-11 17:32:55,823 - INFO - [17:32:55] SEMﾃ：ORO (500,100) -> AMARILLO
2025-09-11 17:32:55,856 - INFO - [17:32:55] SEMﾃ：ORO (500,600) -> AMARILLO
2025-09-11 17:32:55,888 - INFO - [17:32:55] SEMﾃ：ORO (1100,500) -> AMARILLO
2025-09-11 17:32:55,983 - INFO - [17:32:55] SEMﾃ：ORO (200,200) -> AMARILLO
2025-09-11 17:32:56,031 - INFO - [17:32:56] SEMﾃ：ORO (1100,300) -> AMARILLO
2025-09-11 17:32:56,062 - INFO - [17:32:56] SEMﾃ：ORO (100,600) -> AMARILLO
2025-09-11 17:32:56,095 - INFO - [17:32:56] SEMﾃ：ORO (500,300) -> AMARILLO
2025-09-11 17:32:56,191 - INFO - [17:32:56] SEMﾃ：ORO (700,200) -> AMARILLO
2025-09-11 17:32:56,303 - INFO - [17:32:56] NUEVO AUTO - AUTO_9529 en (300,75)
2025-09-11 17:32:56,304 - WARNING - 泅ｨ ALERTA: Congestiﾃｳn CRﾃ控ICA en OESTE (100.0%)
2025-09-11 17:32:56,383 - INFO - [17:32:56] SEMﾃ：ORO (300,300) -> AMARILLO
2025-09-11 17:32:56,401 - INFO - [17:32:56] SEMﾃ：ORO (300,400) -> AMARILLO
2025-09-11 17:32:56,437 - INFO - [17:32:56] SEMﾃ：ORO (900,600) -> AMARILLO
2025-09-11 17:32:56,575 - INFO - [17:32:56] SEMﾃ：ORO (1400,600) -> AMARILLO
2025-09-11 17:32:56,608 - INFO - [17:32:56] SEMﾃ：ORO (300,700) -> AMARILLO
2025-09-11 17:32:56,802 - INFO - 笨 Congestiﾃｳn en OESTE normalizada (0.0%)
2025-09-11 17:32:56,962 - INFO - [17:32:56] SEMﾃ：ORO (800,500) -> AMARILLO
2025-09-11 17:32:56,993 - INFO - [17:32:56] SEMﾃ：ORO (200,600) -> AMARILLO
2025-09-11 17:32:57,042 - INFO - [17:32:57] SEMﾃ：ORO (300,800) -> AMARILLO
2025-09-11 17:32:57,169 - INFO - [17:32:57] SEMﾃ：ORO (100,200) -> AMARILLO
2025-09-11 17:32:57,330 - INFO - [17:32:57] SEMﾃ：ORO (900,200) -> AMARILLO
2025-09-11 17:32:57,361 - INFO - 笨 Congestiﾃｳn en NORTE normalizada (33.3%)
2025-09-11 17:32:57,507 - INFO - [17:32:57] SEMﾃ：ORO (700,350) -> AMARILLO
2025-09-11 17:32:57,538 - INFO - [17:32:57] NUEVO AUTO - AUTO_2448 en (900,89)
2025-09-11 17:32:57,602 - INFO - [17:32:57] SEMﾃ：ORO (800,800) -> AMARILLO
2025-09-11 17:32:57,618 - INFO - [17:32:57] SEMﾃ：ORO (600,200) -> AMARILLO
2025-09-11 17:32:57,635 - INFO - [17:32:57] SEMﾃ：ORO (1300,600) -> AMARILLO
2025-09-11 17:32:57,796 - INFO - [17:32:57] SEMﾃ：ORO (1200,200) -> ROJO
2025-09-11 17:32:57,797 - WARNING - 泅ｨ ALERTA: Congestiﾃｳn CRﾃ控ICA en NORTE (100.0%)
2025-09-11 17:32:57,797 - WARNING - 泅ｨ ALERTA: Congestiﾃｳn CRﾃ控ICA en OESTE (100.0%)
2025-09-11 17:32:57,909 - INFO - [17:32:57] SEMﾃ：ORO (350,450) -> ROJO
2025-09-11 17:32:57,957 - INFO - [17:32:57] SEMﾃ：ORO (1100,800) -> AMARILLO
2025-09-11 17:32:57,988 - INFO - [17:32:57] SEMﾃ：ORO (600,400) -> ROJO
2025-09-11 17:32:57,988 - INFO - [17:32:57] SEMﾃ：ORO (1000,200) -> AMARILLO
2025-09-11 17:32:57,988 - INFO - [17:32:57] SEMﾃ：ORO (800,100) -> ROJO
2025-09-11 17:32:57,988 - INFO - [17:32:57] SEMﾃ：ORO (800,700) -> AMARILLO
2025-09-11 17:32:58,036 - INFO - [17:32:58] SEMﾃ：ORO (800,400) -> AMARILLO
2025-09-11 17:32:58,325 - INFO - [17:32:58] SEMﾃ：ORO (1400,200) -> ROJO
2025-09-11 17:32:58,389 - INFO - [17:32:58] SEMﾃ：ORO (200,720) -> ROJO
2025-09-11 17:32:58,422 - INFO - [17:32:58] SEMﾃ：ORO (400,520) -> ROJO
2025-09-11 17:32:58,501 - INFO - [17:32:58] SEMﾃ：ORO (1000,400) -> AMARILLO
2025-09-11 17:32:58,566 - INFO - [17:32:58] SEMﾃ：ORO (1000,600) -> ROJO
2025-09-11 17:32:58,566 - INFO - [17:32:58] SEMﾃ：ORO (1400,400) -> AMARILLO
2025-09-11 17:32:58,566 - INFO - [17:32:58] SEMﾃ：ORO (600,340) -> AMARILLO
2025-09-11 17:32:58,777 - INFO - [17:32:58] SEMﾃ：ORO (700,600) -> ROJO
2025-09-11 17:32:58,777 - INFO - [17:32:58] SEMﾃ：ORO (800,300) -> AMARILLO
2025-09-11 17:32:58,793 - INFO - [17:32:58] SEMﾃ：ORO (500,500) -> AMARILLO
2025-09-11 17:32:58,825 - INFO - [17:32:58] SEMﾃ：ORO (1100,200) -> ROJO
2025-09-11 17:32:58,825 - INFO - [17:32:58] SEMﾃ：ORO (500,100) -> ROJO
2025-09-11 17:32:58,841 - INFO - [17:32:58] NUEVO AUTO - AUTO_4461 en (300,73)
2025-09-11 17:32:58,857 - INFO - [17:32:58] SEMﾃ：ORO (500,600) -> ROJO
2025-09-11 17:32:58,890 - INFO - [17:32:58] SEMﾃ：ORO (1100,500) -> ROJO
2025-09-11 17:32:58,986 - INFO - [17:32:58] SEMﾃ：ORO (200,200) -> ROJO
2025-09-11 17:32:59,035 - INFO - [17:32:59] SEMﾃ：ORO (1100,300) -> ROJO
2025-09-11 17:32:59,066 - INFO - [17:32:59] SEMﾃ：ORO (100,600) -> ROJO
2025-09-11 17:32:59,098 - INFO - [17:32:59] SEMﾃ：ORO (500,300) -> ROJO
2025-09-11 17:32:59,114 - INFO - [17:32:59] SEMﾃ：ORO (1100,100) -> AMARILLO
2025-09-11 17:32:59,195 - INFO - [17:32:59] SEMﾃ：ORO (700,200) -> ROJO
2025-09-11 17:32:59,211 - INFO - [17:32:59] SEMﾃ：ORO (300,100) -> AMARILLO
2025-09-11 17:32:59,275 - INFO - [17:32:59] SEMﾃ：ORO (900,400) -> AMARILLO
2025-09-11 17:32:59,387 - INFO - [17:32:59] SEMﾃ：ORO (300,300) -> ROJO
2025-09-11 17:32:59,403 - INFO - [17:32:59] SEMﾃ：ORO (300,400) -> ROJO
2025-09-11 17:32:59,435 - INFO - [17:32:59] SEMﾃ：ORO (1100,600) -> AMARILLO
2025-09-11 17:32:59,436 - INFO - [17:32:59] SEMﾃ：ORO (200,400) -> AMARILLO
2025-09-11 17:32:59,451 - INFO - [17:32:59] SEMﾃ：ORO (900,600) -> ROJO
2025-09-11 17:32:59,581 - INFO - [17:32:59] SEMﾃ：ORO (1400,600) -> ROJO
2025-09-11 17:32:59,613 - INFO - [17:32:59] SEMﾃ：ORO (300,700) -> ROJO
2025-09-11 17:32:59,949 - INFO - [17:32:59] SEMﾃ：ORO (300,500) -> AMARILLO
2025-09-11 17:32:59,965 - INFO - [17:32:59] SEMﾃ：ORO (800,500) -> ROJO
2025-09-11 17:32:59,996 - INFO - [17:32:59] SEMﾃ：ORO (200,600) -> ROJO
2025-09-11 17:33:00,045 - INFO - [17:33:00] SEMﾃ：ORO (300,800) -> ROJO
2025-09-11 17:33:00,174 - INFO - [17:33:00] SEMﾃ：ORO (100,200) -> ROJO
2025-09-11 17:33:00,237 - INFO - [17:33:00] NUEVO COMBI - COMBI_2048 en (1100,1)
2025-09-11 17:33:00,238 - WARNING - 泅ｨ ALERTA: Congestiﾃｳn CRﾃ控ICA en ESTE (83.3%)
2025-09-11 17:33:00,318 - INFO - [17:33:00] SEMﾃ：ORO (1200,400) -> AMARILLO
2025-09-11 17:33:00,335 - INFO - [17:33:00] SEMﾃ：ORO (900,200) -> ROJO
2025-09-11 17:33:00,401 - INFO - [17:33:00] SEMﾃ：ORO (500,800) -> AMARILLO
2025-09-11 17:33:00,416 - INFO - [17:33:00] SEMﾃ：ORO (500,400) -> AMARILLO
2025-09-11 17:33:00,450 - INFO - [17:33:00] SEMﾃ：ORO (1200,600) -> AMARILLO
2025-09-11 17:33:00,497 - INFO - [17:33:00] SEMﾃ：ORO (800,200) -> AMARILLO
2025-09-11 17:33:00,514 - INFO - [17:33:00] SEMﾃ：ORO (700,350) -> ROJO
2025-09-11 17:33:00,609 - INFO - [17:33:00] SEMﾃ：ORO (300,600) -> AMARILLO
2025-09-11 17:33:00,609 - INFO - [17:33:00] SEMﾃ：ORO (800,800) -> ROJO
2025-09-11 17:33:00,609 - INFO - [17:33:00] SEMﾃ：ORO (400,320) -> AMARILLO
2025-09-11 17:33:00,625 - INFO - [17:33:00] SEMﾃ：ORO (600,200) -> ROJO
2025-09-11 17:33:00,642 - INFO - [17:33:00] SEMﾃ：ORO (1300,600) -> ROJO
2025-09-11 17:33:00,705 - INFO - [17:33:00] SEMﾃ：ORO (500,700) -> AMARILLO
2025-09-11 17:33:00,883 - INFO - [17:33:00] SEMﾃ：ORO (1300,200) -> AMARILLO
2025-09-11 17:33:00,964 - INFO - [17:33:00] SEMﾃ：ORO (1100,800) -> ROJO
2025-09-11 17:33:00,996 - INFO - [17:33:00] SEMﾃ：ORO (1000,200) -> ROJO
2025-09-11 17:33:00,996 - INFO - [17:33:00] SEMﾃ：ORO (800,700) -> ROJO
2025-09-11 17:33:01,012 - INFO - [17:33:01] SEMﾃ：ORO (1300,400) -> AMARILLO
2025-09-11 17:33:01,028 - INFO - [17:33:01] SEMﾃ：ORO (300,200) -> AMARILLO
2025-09-11 17:33:01,043 - INFO - [17:33:01] SEMﾃ：ORO (800,400) -> ROJO
2025-09-11 17:33:01,124 - INFO - [17:33:01] SEMﾃ：ORO (100,400) -> AMARILLO
2025-09-11 17:33:01,172 - INFO - [17:33:01] NUEVO TAXI - TAXI_5101 en (800,89)
2025-09-11 17:33:01,173 - INFO - [17:33:01] SEMﾃ：ORO (800,600) -> AMARILLO
2025-09-11 17:33:01,204 - INFO - [17:33:01] SEMﾃ：ORO (600,600) -> AMARILLO
2025-09-11 17:33:01,220 - INFO - [17:33:01] SEMﾃ：ORO (600,500) -> AMARILLO
2025-09-11 17:33:01,513 - INFO - [17:33:01] SEMﾃ：ORO (1000,400) -> ROJO
2025-09-11 17:33:01,528 - INFO - [17:33:01] SEMﾃ：ORO (1100,700) -> AMARILLO
2025-09-11 17:33:01,576 - INFO - [17:33:01] SEMﾃ：ORO (1400,400) -> ROJO
2025-09-11 17:33:01,577 - INFO - [17:33:01] SEMﾃ：ORO (600,340) -> ROJO
2025-09-11 17:33:01,593 - INFO - [17:33:01] SEMﾃ：ORO (1100,400) -> AMARILLO
2025-09-11 17:33:01,593 - INFO - [17:33:01] SEMﾃ：ORO (700,400) -> AMARILLO
2025-09-11 17:33:01,609 - INFO - [17:33:01] SEMﾃ：ORO (500,200) -> AMARILLO
2025-09-11 17:33:01,786 - INFO - [17:33:01] SEMﾃ：ORO (800,300) -> ROJO
2025-09-11 17:33:01,802 - INFO - [17:33:01] SEMﾃ：ORO (500,500) -> ROJO
2025-09-11 17:33:02,124 - INFO - [17:33:02] SEMﾃ：ORO (1100,100) -> ROJO
2025-09-11 17:33:02,221 - INFO - [17:33:02] SEMﾃ：ORO (300,100) -> ROJO
2025-09-11 17:33:02,284 - INFO - [17:33:02] SEMﾃ：ORO (900,400) -> ROJO
2025-09-11 17:33:02,365 - INFO - [17:33:02] NUEVO AUTO - AUTO_9708 en (300,80)
2025-09-11 17:33:02,445 - INFO - [17:33:02] SEMﾃ：ORO (1100,600) -> ROJO
2025-09-11 17:33:02,445 - INFO - [17:33:02] SEMﾃ：ORO (200,400) -> ROJO
2025-09-11 17:33:02,816 - INFO - [17:33:02] SEMﾃ：ORO (700,600) -> VERDE
2025-09-11 17:33:02,961 - INFO - [17:33:02] SEMﾃ：ORO (300,500) -> ROJO
2025-09-11 17:33:02,977 - INFO - [17:33:02] SEMﾃ：ORO (400,520) -> VERDE
2025-09-11 17:33:02,992 - INFO - [17:33:02] SEMﾃ：ORO (1200,200) -> VERDE
2025-09-11 17:33:03,329 - INFO - [17:33:03] SEMﾃ：ORO (1200,400) -> ROJO
2025-09-11 17:33:03,411 - INFO - [17:33:03] SEMﾃ：ORO (500,800) -> ROJO
2025-09-11 17:33:03,427 - INFO - [17:33:03] SEMﾃ：ORO (500,400) -> ROJO
2025-09-11 17:33:03,459 - INFO - [17:33:03] SEMﾃ：ORO (1200,600) -> ROJO
2025-09-11 17:33:03,507 - INFO - [17:33:03] SEMﾃ：ORO (800,200) -> ROJO
2025-09-11 17:33:03,572 - INFO - [17:33:03] SEMﾃ：ORO (600,400) -> VERDE
2025-09-11 17:33:03,620 - INFO - [17:33:03] SEMﾃ：ORO (300,600) -> ROJO
2025-09-11 17:33:03,620 - INFO - [17:33:03] SEMﾃ：ORO (400,320) -> ROJO
2025-09-11 17:33:03,717 - INFO - [17:33:03] SEMﾃ：ORO (500,700) -> ROJO
2025-09-11 17:33:03,781 - INFO - [17:33:03] NUEVO COMBI - COMBI_7032 en (1351,652)
2025-09-11 17:33:03,861 - INFO - [17:33:03] SEMﾃ：ORO (500,100) -> VERDE
2025-09-11 17:33:03,893 - INFO - [17:33:03] SEMﾃ：ORO (1300,200) -> ROJO
2025-09-11 17:33:03,958 - INFO - [17:33:03] SEMﾃ：ORO (1100,500) -> VERDE
2025-09-11 17:33:03,989 - INFO - [17:33:03] SEMﾃ：ORO (350,450) -> VERDE
2025-09-11 17:33:04,020 - INFO - [17:33:04] SEMﾃ：ORO (1300,400) -> ROJO
2025-09-11 17:33:04,036 - INFO - [17:33:04] SEMﾃ：ORO (300,200) -> ROJO
2025-09-11 17:33:04,133 - INFO - [17:33:04] SEMﾃ：ORO (100,400) -> ROJO
2025-09-11 17:33:04,181 - INFO - [17:33:04] SEMﾃ：ORO (800,600) -> ROJO
2025-09-11 17:33:04,197 - INFO - [17:33:04] SEMﾃ：ORO (1400,200) -> VERDE
2025-09-11 17:33:04,213 - INFO - [17:33:04] SEMﾃ：ORO (600,600) -> ROJO
2025-09-11 17:33:04,228 - INFO - [17:33:04] SEMﾃ：ORO (600,500) -> ROJO
2025-09-11 17:33:04,340 - INFO - [17:33:04] SEMﾃ：ORO (500,300) -> VERDE
2025-09-11 17:33:04,484 - INFO - [17:33:04] SEMﾃ：ORO (300,700) -> VERDE
2025-09-11 17:33:04,532 - INFO - [17:33:04] SEMﾃ：ORO (1100,700) -> ROJO
2025-09-11 17:33:04,565 - INFO - [17:33:04] SEMﾃ：ORO (1000,600) -> VERDE
2025-09-11 17:33:04,597 - INFO - [17:33:04] SEMﾃ：ORO (1100,400) -> ROJO
2025-09-11 17:33:04,597 - INFO - [17:33:04] SEMﾃ：ORO (700,400) -> ROJO
2025-09-11 17:33:04,612 - INFO - [17:33:04] SEMﾃ：ORO (500,200) -> ROJO
2025-09-11 17:33:05,014 - INFO - [17:33:05] NUEVO AUTO - AUTO_3603 en (1444,425)
2025-09-11 17:33:05,158 - INFO - [17:33:05] SEMﾃ：ORO (200,200) -> VERDE
2025-09-11 17:33:05,334 - INFO - [17:33:05] SEMﾃ：ORO (300,800) -> VERDE
2025-09-11 17:33:05,480 - INFO - [17:33:05] SEMﾃ：ORO (300,300) -> VERDE
2025-09-11 17:33:05,513 - INFO - [17:33:05] SEMﾃ：ORO (800,800) -> VERDE
2025-09-11 17:33:05,545 - INFO - [17:33:05] PARADA DE PASAJEROS (2.5s) - COMBI_7032 en (1389,805)
2025-09-11 17:33:05,626 - WARNING - 泅ｨ ALERTA: Congestiﾃｳn CRﾃ控ICA en SUR (100.0%)
2025-09-11 17:33:05,739 - INFO - [17:33:05] SEMﾃ：ORO (1400,400) -> VERDE
2025-09-11 17:33:05,755 - INFO - [17:33:05] SEMﾃ：ORO (700,350) -> VERDE
2025-09-11 17:33:05,819 - INFO - [17:33:05] SEMﾃ：ORO (800,100) -> VERDE
2025-09-11 17:33:05,836 - INFO - [17:33:05] SEMﾃ：ORO (200,600) -> VERDE
2025-09-11 17:33:05,836 - INFO - [17:33:05] SEMﾃ：ORO (1100,300) -> VERDE
2025-09-11 17:33:05,964 - INFO - [17:33:05] SEMﾃ：ORO (900,200) -> VERDE
2025-09-11 17:33:06,060 - INFO - [17:33:06] SEMﾃ：ORO (1400,600) -> VERDE
2025-09-11 17:33:06,077 - INFO - [17:33:06] SEMﾃ：ORO (200,720) -> VERDE
2025-09-11 17:33:06,172 - INFO - [17:33:06] NUEVO TAXI - TAXI_5982 en (1200,62)
2025-09-11 17:33:06,254 - INFO - 笨 Congestiﾃｳn en NORTE normalizada (55.6%)
2025-09-11 17:33:06,335 - INFO - [17:33:06] SEMﾃ：ORO (600,200) -> VERDE
2025-09-11 17:33:06,448 - INFO - 笨 Congestiﾃｳn en ESTE normalizada (50.0%)
2025-09-11 17:33:06,464 - INFO - [17:33:06] SEMﾃ：ORO (100,200) -> VERDE
2025-09-11 17:33:06,480 - INFO - [17:33:06] SEMﾃ：ORO (700,200) -> VERDE
2025-09-11 17:33:06,544 - INFO - [17:33:06] SEMﾃ：ORO (300,100) -> VERDE
2025-09-11 17:33:06,593 - INFO - [17:33:06] SEMﾃ：ORO (900,600) -> VERDE
2025-09-11 17:33:06,834 - INFO - [17:33:06] SEMﾃ：ORO (100,600) -> VERDE
2025-09-11 17:33:06,966 - INFO - [17:33:06] SEMﾃ：ORO (1300,600) -> VERDE
2025-09-11 17:33:07,015 - INFO - [17:33:07] SEMﾃ：ORO (1000,400) -> VERDE
2025-09-11 17:33:07,128 - INFO - [17:33:07] SEMﾃ：ORO (800,300) -> VERDE
2025-09-11 17:33:07,481 - INFO - [17:33:07] NUEVO TAXI - TAXI_7076 en (1005,604)
2025-09-11 17:33:07,593 - INFO - [17:33:07] SEMﾃ：ORO (500,600) -> VERDE
2025-09-11 17:33:07,594 - INFO - [17:33:07] SEMﾃ：ORO (600,340) -> VERDE
2025-09-11 17:33:07,610 - INFO - [17:33:07] SEMﾃ：ORO (800,400) -> VERDE
2025-09-11 17:33:07,706 - INFO - [17:33:07] SEMﾃ：ORO (400,320) -> VERDE
2025-09-11 17:33:07,722 - INFO - [17:33:07] SEMﾃ：ORO (1000,200) -> VERDE
2025-09-11 17:33:07,738 - WARNING - 泅ｨ ALERTA: Congestiﾃｳn CRﾃ控ICA en NORTE (83.3%)
2025-09-11 17:33:07,754 - INFO - [17:33:07] SEMﾃ：ORO (800,500) -> VERDE
2025-09-11 17:33:07,854 - INFO - [17:33:07] SEMﾃ：ORO (1100,100) -> VERDE
2025-09-11 17:33:07,919 - INFO - [17:33:07] SEMﾃ：ORO (1100,800) -> VERDE
2025-09-11 17:33:08,063 - INFO - [17:33:08] SEMﾃ：ORO (500,700) -> VERDE
2025-09-11 17:33:08,175 - INFO - [17:33:08] SEMﾃ：ORO (500,800) -> VERDE
2025-09-11 17:33:08,208 - INFO - 笨 Congestiﾃｳn en SUR normalizada (0.0%)
2025-09-11 17:33:08,224 - INFO - [17:33:08] SEMﾃ：ORO (400,520) -> AMARILLO
2025-09-11 17:33:08,562 - INFO - [17:33:08] SEMﾃ：ORO (300,500) -> VERDE
2025-09-11 17:33:08,721 - INFO - [17:33:08] SEMﾃ：ORO (900,400) -> VERDE
2025-09-11 17:33:08,898 - INFO - [17:33:08] NUEVO AUTO - AUTO_7744 en (1350,651)
2025-09-11 17:33:08,962 - INFO - [17:33:08] SEMﾃ：ORO (800,700) -> VERDE
2025-09-11 17:33:08,962 - WARNING - 泅ｨ ALERTA: Congestiﾃｳn CRﾃ控ICA en ESTE (88.9%)
2025-09-11 17:33:09,042 - INFO - [17:33:09] SEMﾃ：ORO (600,400) -> AMARILLO
2025-09-11 17:33:09,252 - INFO - [17:33:09] SEMﾃ：ORO (1200,400) -> VERDE
2025-09-11 17:33:09,562 - INFO - 笨 Congestiﾃｳn en ESTE normalizada (55.6%)
2025-09-11 17:33:09,737 - INFO - [17:33:09] SEMﾃ：ORO (200,400) -> VERDE
2025-09-11 17:33:09,771 - INFO - [17:33:09] SEMﾃ：ORO (500,500) -> VERDE
2025-09-11 17:33:09,978 - INFO - [17:33:09] SEMﾃ：ORO (300,400) -> VERDE
2025-09-11 17:33:09,994 - INFO - [17:33:09] SEMﾃ：ORO (500,100) -> AMARILLO
2025-09-11 17:33:10,092 - INFO - [17:33:10] NUEVO TAXI - TAXI_6005 en (2,700)
2025-09-11 17:33:10,188 - INFO - [17:33:10] SEMﾃ：ORO (300,600) -> VERDE
2025-09-11 17:33:10,219 - INFO - [17:33:10] SEMﾃ：ORO (1200,600) -> VERDE
2025-09-11 17:33:10,301 - INFO - [17:33:10] SEMﾃ：ORO (1100,700) -> VERDE
2025-09-11 17:33:10,348 - INFO - [17:33:10] SEMﾃ：ORO (1000,600) -> AMARILLO
2025-09-11 17:33:10,364 - INFO - [17:33:10] SEMﾃ：ORO (600,500) -> VERDE
2025-09-11 17:33:10,462 - INFO - 笨 Congestiﾃｳn en OESTE normalizada (50.0%)
2025-09-11 17:33:10,766 - INFO - Simulaciﾃｳn finalizada
2025-09-11 17:33:10,766 - INFO - Duraciﾃｳn total: 21.1 segundos
2025-09-11 17:33:10,766 - INFO - Vehﾃｭculos generados: 17
2025-09-11 17:33:10,766 - INFO - Mﾃ｡ximo simultﾃ｡neo: 14
2025-09-11 17:34:28,385 - INFO - ============================================================
2025-09-11 17:34:28,385 - INFO - SISTEMA DE LOGGING INICIALIZADO
2025-09-11 17:34:28,385 - INFO - Archivo de log: logs/traffic_sim_20250911_173428.log
2025-09-11 17:34:28,385 - INFO - Nivel de logging: INFO
2025-09-11 17:34:28,385 - INFO - ============================================================
2025-09-11 17:34:28,572 - INFO - Creados 66 semﾃ｡foros en total
2025-09-11 17:34:28,572 - INFO - Simulaciﾃｳn inicializada correctamente
2025-09-11 17:34:28,572 - INFO - Configuraciﾃｳn: 1600x1000
2025-09-11 17:34:28,572 - INFO - Calles creadas: 51
2025-09-11 17:34:28,572 - INFO - Semﾃ｡foros instalados: 66
2025-09-11 17:34:28,572 - INFO - Edificios: 25
2025-09-11 17:34:28,572 - INFO - Hora inicial: 08:00
2025-09-11 17:34:29,644 - INFO - [17:34:29] NUEVO TAXI - TAXI_8220 en (500,43)
2025-09-11 17:34:29,645 - WARNING - 泅ｨ ALERTA: Congestiﾃｳn CRﾃ控ICA en NORTE (100.0%)
2025-09-11 17:34:29,885 - INFO - 笨 Congestiﾃｳn en NORTE normalizada (0.0%)
2025-09-11 17:34:31,254 - INFO - [17:34:31] NUEVO AUTO - AUTO_7336 en (1503,625)
2025-09-11 17:34:31,255 - WARNING - 泅ｨ ALERTA: Congestiﾃｳn CRﾃ控ICA en ESTE (100.0%)
2025-09-11 17:34:31,656 - INFO - 笨 Congestiﾃｳn en ESTE normalizada (0.0%)
2025-09-11 17:34:32,376 - INFO - [17:34:32] NUEVO COMBI - COMBI_8253 en (325,929)
2025-09-11 17:34:32,377 - WARNING - 泅ｨ ALERTA: Congestiﾃｳn CRﾃ控ICA en SUR (100.0%)
2025-09-11 17:34:32,377 - WARNING - 泅ｨ ALERTA: Congestiﾃｳn CRﾃ控ICA en OESTE (100.0%)
2025-09-11 17:34:32,555 - INFO - 笨 Congestiﾃｳn en SUR normalizada (0.0%)
2025-09-11 17:34:32,555 - INFO - 笨 Congestiﾃｳn en OESTE normalizada (0.0%)
2025-09-11 17:34:33,311 - INFO - [17:34:33] NUEVO TAXI - TAXI_5886 en (1545,425)
2025-09-11 17:34:33,729 - INFO - [17:34:33] SEMﾃ：ORO (500,700) -> AMARILLO
2025-09-11 17:34:33,729 - INFO - [17:34:33] SEMﾃ：ORO (800,500) -> AMARILLO
2025-09-11 17:34:33,842 - INFO - [17:34:33] SEMﾃ：ORO (1000,400) -> AMARILLO
2025-09-11 17:34:34,018 - INFO - [17:34:34] SEMﾃ：ORO (700,200) -> AMARILLO
2025-09-11 17:34:34,130 - INFO - [17:34:34] SEMﾃ：ORO (1100,800) -> AMARILLO
2025-09-11 17:34:34,162 - INFO - [17:34:34] SEMﾃ：ORO (1200,600) -> AMARILLO
2025-09-11 17:34:34,178 - INFO - [17:34:34] NUEVO COMBI - COMBI_9689 en (1125,927)
2025-09-11 17:34:34,290 - INFO - [17:34:34] SEMﾃ：ORO (200,400) -> AMARILLO
2025-09-11 17:34:34,370 - INFO - [17:34:34] SEMﾃ：ORO (1100,700) -> AMARILLO
2025-09-11 17:34:34,483 - INFO - [17:34:34] SEMﾃ：ORO (1300,200) -> AMARILLO
2025-09-11 17:34:34,595 - INFO - [17:34:34] SEMﾃ：ORO (1300,400) -> AMARILLO
2025-09-11 17:34:34,595 - INFO - [17:34:34] SEMﾃ：ORO (600,600) -> AMARILLO
2025-09-11 17:34:34,595 - INFO - [17:34:34] SEMﾃ：ORO (900,600) -> AMARILLO
2025-09-11 17:34:34,643 - INFO - [17:34:34] SEMﾃ：ORO (500,200) -> AMARILLO
2025-09-11 17:34:34,675 - INFO - [17:34:34] SEMﾃ：ORO (200,600) -> AMARILLO
2025-09-11 17:34:34,869 - INFO - [17:34:34] SEMﾃ：ORO (200,720) -> AMARILLO
2025-09-11 17:34:34,902 - WARNING - 泅ｨ ALERTA: Congestiﾃｳn CRﾃ控ICA en SUR (100.0%)
2025-09-11 17:34:34,917 - INFO - [17:34:34] SEMﾃ：ORO (500,600) -> AMARILLO
2025-09-11 17:34:34,997 - WARNING - 泅ｨ ALERTA: Congestiﾃｳn CRﾃ控ICA en CENTRO (100.0%)
2025-09-11 17:34:35,093 - INFO - [17:34:35] SEMﾃ：ORO (1400,200) -> AMARILLO
2025-09-11 17:34:35,109 - INFO - [17:34:35] SEMﾃ：ORO (900,200) -> AMARILLO
2025-09-11 17:34:35,141 - INFO - [17:34:35] SEMﾃ：ORO (600,400) -> AMARILLO
2025-09-11 17:34:35,301 - INFO - [17:34:35] SEMﾃ：ORO (1200,200) -> AMARILLO
2025-09-11 17:34:35,430 - INFO - [17:34:35] SEMﾃ：ORO (1100,400) -> AMARILLO
2025-09-11 17:34:35,510 - INFO - [17:34:35] NUEVO AUTO - AUTO_5335 en (1400,38)
2025-09-11 17:34:35,511 - WARNING - 泅ｨ ALERTA: Congestiﾃｳn CRﾃ控ICA en NORTE (100.0%)
2025-09-11 17:34:35,672 - WARNING - 泅ｨ ALERTA: Congestiﾃｳn CRﾃ控ICA en ESTE (100.0%)
2025-09-11 17:34:35,688 - INFO - [17:34:35] SEMﾃ：ORO (1300,600) -> AMARILLO
2025-09-11 17:34:35,689 - INFO - [17:34:35] SEMﾃ：ORO (400,320) -> AMARILLO
2025-09-11 17:34:35,736 - INFO - [17:34:35] SEMﾃ：ORO (100,400) -> AMARILLO
2025-09-11 17:34:35,960 - INFO - 笨 Congestiﾃｳn en NORTE normalizada (0.0%)
2025-09-11 17:34:36,008 - INFO - [17:34:36] SEMﾃ：ORO (500,800) -> AMARILLO
2025-09-11 17:34:36,072 - INFO - [17:34:36] SEMﾃ：ORO (300,800) -> AMARILLO
2025-09-11 17:34:36,184 - INFO - [17:34:36] SEMﾃ：ORO (400,520) -> AMARILLO
2025-09-11 17:34:36,200 - INFO - [17:34:36] SEMﾃ：ORO (800,200) -> AMARILLO
2025-09-11 17:34:36,200 - INFO - [17:34:36] SEMﾃ：ORO (200,200) -> AMARILLO
2025-09-11 17:34:36,713 - INFO - [17:34:36] SEMﾃ：ORO (100,200) -> AMARILLO
2025-09-11 17:34:36,729 - INFO - [17:34:36] NUEVO TAXI - TAXI_8887 en (700,34)
2025-09-11 17:34:36,730 - INFO - [17:34:36] SEMﾃ：ORO (500,700) -> ROJO
2025-09-11 17:34:36,730 - INFO - [17:34:36] SEMﾃ：ORO (800,500) -> ROJO
2025-09-11 17:34:36,730 - INFO - [17:34:36] SEMﾃ：ORO (800,800) -> AMARILLO
2025-09-11 17:34:36,825 - WARNING - 泅ｨ ALERTA: Congestiﾃｳn CRﾃ控ICA en NORTE (100.0%)
2025-09-11 17:34:36,841 - INFO - [17:34:36] SEMﾃ：ORO (1400,600) -> AMARILLO
2025-09-11 17:34:36,857 - INFO - [17:34:36] SEMﾃ：ORO (1000,400) -> ROJO
2025-09-11 17:34:36,905 - INFO - [17:34:36] SEMﾃ：ORO (350,450) -> AMARILLO
2025-09-11 17:34:36,985 - WARNING - 泅ｨ ALERTA: Congestiﾃｳn CRﾃ控ICA en OESTE (100.0%)
2025-09-11 17:34:37,000 - INFO - 笨 Congestiﾃｳn en NORTE normalizada (50.0%)
2025-09-11 17:34:37,032 - INFO - [17:34:37] SEMﾃ：ORO (700,200) -> ROJO
2025-09-11 17:34:37,033 - INFO - [17:34:37] SEMﾃ：ORO (500,300) -> AMARILLO
2025-09-11 17:34:37,096 - INFO - [17:34:37] SEMﾃ：ORO (800,400) -> AMARILLO
2025-09-11 17:34:37,145 - INFO - [17:34:37] SEMﾃ：ORO (1100,800) -> ROJO
2025-09-11 17:34:37,162 - INFO - [17:34:37] SEMﾃ：ORO (1200,600) -> ROJO
2025-09-11 17:34:37,242 - INFO - [17:34:37] SEMﾃ：ORO (1200,400) -> AMARILLO
2025-09-11 17:34:37,306 - INFO - [17:34:37] SEMﾃ：ORO (200,400) -> ROJO
2025-09-11 17:34:37,386 - INFO - [17:34:37] SEMﾃ：ORO (1100,700) -> ROJO
2025-09-11 17:34:37,483 - INFO - [17:34:37] SEMﾃ：ORO (1300,200) -> ROJO
2025-09-11 17:34:37,579 - INFO - [17:34:37] SEMﾃ：ORO (300,500) -> AMARILLO
2025-09-11 17:34:37,611 - INFO - [17:34:37] SEMﾃ：ORO (1300,400) -> ROJO
2025-09-11 17:34:37,611 - INFO - [17:34:37] SEMﾃ：ORO (600,600) -> ROJO
2025-09-11 17:34:37,611 - INFO - [17:34:37] SEMﾃ：ORO (900,600) -> ROJO
2025-09-11 17:34:37,627 - INFO - [17:34:37] NUEVO TAXI - TAXI_8663 en (1400,84)
2025-09-11 17:34:37,659 - INFO - [17:34:37] SEMﾃ：ORO (500,200) -> ROJO
2025-09-11 17:34:37,675 - INFO - [17:34:37] SEMﾃ：ORO (200,600) -> ROJO
2025-09-11 17:34:37,836 - INFO - [17:34:37] SEMﾃ：ORO (300,100) -> AMARILLO
2025-09-11 17:34:37,853 - WARNING - 泅ｨ ALERTA: Congestiﾃｳn CRﾃ控ICA en NORTE (100.0%)
2025-09-11 17:34:37,884 - INFO - [17:34:37] SEMﾃ：ORO (200,720) -> ROJO
2025-09-11 17:34:37,932 - INFO - [17:34:37] SEMﾃ：ORO (500,600) -> ROJO
2025-09-11 17:34:37,964 - INFO - [17:34:37] SEMﾃ：ORO (1000,200) -> AMARILLO
2025-09-11 17:34:37,996 - INFO - [17:34:37] SEMﾃ：ORO (500,400) -> AMARILLO
2025-09-11 17:34:38,108 - INFO - [17:34:38] SEMﾃ：ORO (1400,200) -> ROJO
2025-09-11 17:34:38,124 - INFO - [17:34:38] SEMﾃ：ORO (900,200) -> ROJO
2025-09-11 17:34:38,156 - INFO - [17:34:38] SEMﾃ：ORO (600,400) -> ROJO
2025-09-11 17:34:38,172 - INFO - [17:34:38] SEMﾃ：ORO (800,100) -> AMARILLO
2025-09-11 17:34:38,317 - INFO - [17:34:38] SEMﾃ：ORO (1200,200) -> ROJO
2025-09-11 17:34:38,349 - INFO - [17:34:38] SEMﾃ：ORO (1400,400) -> AMARILLO
2025-09-11 17:34:38,430 - INFO - [17:34:38] SEMﾃ：ORO (1100,400) -> ROJO
2025-09-11 17:34:38,623 - INFO - [17:34:38] SEMﾃ：ORO (600,340) -> AMARILLO
2025-09-11 17:34:38,703 - INFO - [17:34:38] SEMﾃ：ORO (1300,600) -> ROJO
2025-09-11 17:34:38,704 - INFO - [17:34:38] SEMﾃ：ORO (400,320) -> ROJO
2025-09-11 17:34:38,751 - INFO - [17:34:38] SEMﾃ：ORO (100,400) -> ROJO
2025-09-11 17:34:38,751 - INFO - [17:34:38] SEMﾃ：ORO (300,700) -> AMARILLO
2025-09-11 17:34:38,783 - INFO - [17:34:38] SEMﾃ：ORO (600,200) -> AMARILLO
2025-09-11 17:34:38,799 - INFO - [17:34:38] NUEVO COMBI - COMBI_3634 en (800,50)
2025-09-11 17:34:38,800 - INFO - [17:34:38] SEMﾃ：ORO (600,500) -> AMARILLO
2025-09-11 17:34:38,847 - INFO - [17:34:38] SEMﾃ：ORO (900,400) -> AMARILLO
2025-09-11 17:34:38,879 - INFO - [17:34:38] SEMﾃ：ORO (300,300) -> AMARILLO
2025-09-11 17:34:38,927 - INFO - [17:34:38] SEMﾃ：ORO (700,350) -> AMARILLO
2025-09-11 17:34:39,023 - INFO - [17:34:39] SEMﾃ：ORO (500,800) -> ROJO
2025-09-11 17:34:39,087 - INFO - [17:34:39] SEMﾃ：ORO (700,400) -> AMARILLO
2025-09-11 17:34:39,087 - INFO - [17:34:39] SEMﾃ：ORO (300,800) -> ROJO
2025-09-11 17:34:39,200 - INFO - [17:34:39] SEMﾃ：ORO (800,200) -> ROJO
2025-09-11 17:34:39,200 - INFO - [17:34:39] SEMﾃ：ORO (200,200) -> ROJO
2025-09-11 17:34:39,200 - INFO - [17:34:39] SEMﾃ：ORO (400,520) -> ROJO
2025-09-11 17:34:39,296 - INFO - [17:34:39] SEMﾃ：ORO (300,600) -> AMARILLO
2025-09-11 17:34:39,312 - INFO - [17:34:39] PARADA DE PASAJEROS (2.9s) - COMBI_8253 en (326,495)
2025-09-11 17:34:39,392 - INFO - [17:34:39] SEMﾃ：ORO (800,700) -> AMARILLO
2025-09-11 17:34:39,440 - INFO - [17:34:39] SEMﾃ：ORO (500,500) -> AMARILLO
2025-09-11 17:34:39,488 - INFO - [17:34:39] SEMﾃ：ORO (300,400) -> AMARILLO
2025-09-11 17:34:39,536 - INFO - [17:34:39] SEMﾃ：ORO (1100,500) -> AMARILLO
2025-09-11 17:34:39,632 - INFO - [17:34:39] SEMﾃ：ORO (800,300) -> AMARILLO
2025-09-11 17:34:39,648 - INFO - [17:34:39] SEMﾃ：ORO (1100,200) -> AMARILLO
2025-09-11 17:34:39,712 - INFO - [17:34:39] SEMﾃ：ORO (1000,600) -> AMARILLO
2025-09-11 17:34:39,728 - INFO - [17:34:39] SEMﾃ：ORO (100,200) -> ROJO
2025-09-11 17:34:39,728 - INFO - [17:34:39] SEMﾃ：ORO (100,600) -> AMARILLO
2025-09-11 17:34:39,744 - INFO - [17:34:39] SEMﾃ：ORO (500,100) -> AMARILLO
2025-09-11 17:34:39,744 - INFO - [17:34:39] SEMﾃ：ORO (800,800) -> ROJO
2025-09-11 17:34:39,776 - INFO - [17:34:39] SEMﾃ：ORO (1100,300) -> AMARILLO
2025-09-11 17:34:39,856 - INFO - [17:34:39] SEMﾃ：ORO (700,600) -> AMARILLO
2025-09-11 17:34:39,856 - INFO - [17:34:39] SEMﾃ：ORO (1400,600) -> ROJO
2025-09-11 17:34:39,920 - INFO - [17:34:39] SEMﾃ：ORO (350,450) -> ROJO
2025-09-11 17:34:40,047 - INFO - [17:34:40] SEMﾃ：ORO (500,300) -> ROJO
2025-09-11 17:34:40,111 - INFO - [17:34:40] SEMﾃ：ORO (800,400) -> ROJO
2025-09-11 17:34:40,111 - INFO - [17:34:40] SEMﾃ：ORO (800,600) -> AMARILLO
2025-09-11 17:34:40,159 - INFO - [17:34:40] NUEVO COMBI - COMBI_4640 en (200,87)
2025-09-11 17:34:40,175 - INFO - [17:34:40] SEMﾃ：ORO (1100,600) -> AMARILLO
2025-09-11 17:34:40,255 - INFO - [17:34:40] SEMﾃ：ORO (1200,400) -> ROJO
2025-09-11 17:34:40,271 - INFO - [17:34:40] SEMﾃ：ORO (300,200) -> AMARILLO
2025-09-11 17:34:40,304 - INFO - [17:34:40] SEMﾃ：ORO (1100,100) -> AMARILLO
2025-09-11 17:34:40,337 - INFO - 笨 Congestiﾃｳn en OESTE normalizada (50.0%)
2025-09-11 17:34:40,563 - INFO - [17:34:40] PARADA DE PASAJEROS (3.0s) - COMBI_8253 en (326,495)
2025-09-11 17:34:40,579 - INFO - [17:34:40] SEMﾃ：ORO (300,500) -> ROJO
2025-09-11 17:34:40,836 - INFO - [17:34:40] SEMﾃ：ORO (800,500) -> VERDE
2025-09-11 17:34:40,837 - WARNING - 泅ｨ ALERTA: Congestiﾃｳn CRﾃ控ICA en OESTE (100.0%)
2025-09-11 17:34:40,852 - INFO - [17:34:40] SEMﾃ：ORO (300,100) -> ROJO
2025-09-11 17:34:40,965 - INFO - [17:34:40] SEMﾃ：ORO (1000,200) -> ROJO
2025-09-11 17:34:40,997 - INFO - [17:34:40] SEMﾃ：ORO (500,400) -> ROJO
2025-09-11 17:34:41,173 - INFO - [17:34:41] SEMﾃ：ORO (800,100) -> ROJO
2025-09-11 17:34:41,349 - INFO - [17:34:41] SEMﾃ：ORO (1400,400) -> ROJO
2025-09-11 17:34:41,414 - INFO - [17:34:41] NUEVO TAXI - TAXI_8317 en (160,400)
2025-09-11 17:34:41,606 - INFO - [17:34:41] PARADA DE PASAJEROS (1.1s) - COMBI_8253 en (326,495)
2025-09-11 17:34:41,638 - INFO - [17:34:41] SEMﾃ：ORO (600,340) -> ROJO
2025-09-11 17:34:41,767 - INFO - [17:34:41] SEMﾃ：ORO (300,700) -> ROJO
2025-09-11 17:34:41,784 - INFO - [17:34:41] SEMﾃ：ORO (600,200) -> ROJO
2025-09-11 17:34:41,800 - INFO - [17:34:41] SEMﾃ：ORO (1000,400) -> VERDE
2025-09-11 17:34:41,800 - INFO - [17:34:41] SEMﾃ：ORO (600,500) -> ROJO
2025-09-11 17:34:41,848 - INFO - [17:34:41] SEMﾃ：ORO (900,400) -> ROJO
2025-09-11 17:34:41,880 - INFO - [17:34:41] SEMﾃ：ORO (300,300) -> ROJO
2025-09-11 17:34:41,928 - INFO - [17:34:41] SEMﾃ：ORO (700,350) -> ROJO
2025-09-11 17:34:42,071 - INFO - [17:34:42] SEMﾃ：ORO (500,700) -> VERDE
2025-09-11 17:34:42,103 - INFO - [17:34:42] SEMﾃ：ORO (700,400) -> ROJO
2025-09-11 17:34:42,248 - INFO - [17:34:42] SEMﾃ：ORO (200,400) -> VERDE
2025-09-11 17:34:42,297 - INFO - [17:34:42] SEMﾃ：ORO (300,600) -> ROJO
2025-09-11 17:34:42,393 - INFO - [17:34:42] SEMﾃ：ORO (800,700) -> ROJO
2025-09-11 17:34:42,442 - INFO - [17:34:42] SEMﾃ：ORO (500,500) -> ROJO
2025-09-11 17:34:42,490 - INFO - [17:34:42] SEMﾃ：ORO (300,400) -> ROJO
2025-09-11 17:34:42,490 - INFO - [17:34:42] SEMﾃ：ORO (700,200) -> VERDE
2025-09-11 17:34:42,538 - INFO - [17:34:42] SEMﾃ：ORO (1100,500) -> ROJO
2025-09-11 17:34:42,634 - INFO - [17:34:42] SEMﾃ：ORO (800,300) -> ROJO
2025-09-11 17:34:42,650 - INFO - [17:34:42] SEMﾃ：ORO (1100,200) -> ROJO
2025-09-11 17:34:42,699 - INFO - [17:34:42] SEMﾃ：ORO (1200,200) -> VERDE
2025-09-11 17:34:42,715 - INFO - [17:34:42] SEMﾃ：ORO (1000,600) -> ROJO
2025-09-11 17:34:42,731 - INFO - [17:34:42] SEMﾃ：ORO (100,600) -> ROJO
2025-09-11 17:34:42,748 - INFO - [17:34:42] SEMﾃ：ORO (500,100) -> ROJO
2025-09-11 17:34:42,780 - INFO - [17:34:42] SEMﾃ：ORO (1100,300) -> ROJO
2025-09-11 17:34:42,860 - INFO - [17:34:42] SEMﾃ：ORO (700,600) -> ROJO
2025-09-11 17:34:42,972 - INFO - [17:34:42] SEMﾃ：ORO (600,400) -> VERDE
2025-09-11 17:34:43,004 - INFO - [17:34:43] NUEVO TAXI - TAXI_8817 en (300,11)
2025-09-11 17:34:43,116 - INFO - [17:34:43] SEMﾃ：ORO (800,600) -> ROJO
2025-09-11 17:34:43,148 - INFO - [17:34:43] SEMﾃ：ORO (1400,200) -> VERDE
2025-09-11 17:34:43,164 - INFO - [17:34:43] SEMﾃ：ORO (600,600) -> VERDE
2025-09-11 17:34:43,180 - INFO - [17:34:43] SEMﾃ：ORO (1100,600) -> ROJO
2025-09-11 17:34:43,279 - INFO - [17:34:43] SEMﾃ：ORO (300,200) -> ROJO
2025-09-11 17:34:43,279 - INFO - [17:34:43] SEMﾃ：ORO (900,200) -> VERDE
2025-09-11 17:34:43,311 - INFO - [17:34:43] SEMﾃ：ORO (1100,100) -> ROJO
2025-09-11 17:34:43,343 - INFO - [17:34:43] SEMﾃ：ORO (900,600) -> VERDE
2025-09-11 17:34:43,456 - INFO - [17:34:43] SEMﾃ：ORO (400,520) -> VERDE
2025-09-11 17:34:43,633 - INFO - 笨 Congestiﾃｳn en NORTE normalizada (50.0%)
2025-09-11 17:34:43,746 - INFO - 笨 Congestiﾃｳn en ESTE normalizada (50.0%)
2025-09-11 17:34:43,841 - INFO - [17:34:43] SEMﾃ：ORO (200,720) -> VERDE
2025-09-11 17:34:43,857 - INFO - [17:34:43] SEMﾃ：ORO (200,600) -> VERDE
2025-09-11 17:34:44,192 - INFO - [17:34:44] NUEVO AUTO - AUTO_3955 en (1200,17)
2025-09-11 17:34:44,352 - INFO - [17:34:44] SEMﾃ：ORO (400,320) -> VERDE
2025-09-11 17:34:44,529 - INFO - [17:34:44] SEMﾃ：ORO (100,400) -> VERDE
2025-09-11 17:34:44,577 - INFO - [17:34:44] SEMﾃ：ORO (500,800) -> VERDE
2025-09-11 17:34:44,659 - INFO - [17:34:44] SEMﾃ：ORO (500,300) -> VERDE
2025-09-11 17:34:44,675 - INFO - [17:34:44] SEMﾃ：ORO (1400,600) -> VERDE
2025-09-11 17:34:44,675 - INFO - [17:34:44] SEMﾃ：ORO (300,500) -> VERDE
2025-09-11 17:34:44,901 - INFO - [17:34:44] SEMﾃ：ORO (1200,600) -> VERDE
2025-09-11 17:34:44,997 - INFO - [17:34:44] SEMﾃ：ORO (100,200) -> VERDE
2025-09-11 17:34:45,093 - INFO - [17:34:45] SEMﾃ：ORO (1100,800) -> VERDE
2025-09-11 17:34:45,189 - INFO - [17:34:45] SEMﾃ：ORO (200,200) -> VERDE
2025-09-11 17:34:45,205 - INFO - [17:34:45] SEMﾃ：ORO (1100,700) -> VERDE
2025-09-11 17:34:45,253 - INFO - [17:34:45] SEMﾃ：ORO (1300,600) -> VERDE
2025-09-11 17:34:45,317 - INFO - 笨 Congestiﾃｳn en SUR normalizada (0.0%)
2025-09-11 17:34:45,560 - INFO - [17:34:45] NUEVO COMBI - COMBI_7520 en (1556,425)
2025-09-11 17:34:45,898 - INFO - [17:34:45] SEMﾃ：ORO (800,500) -> AMARILLO
2025-09-11 17:34:46,107 - INFO - [17:34:46] SEMﾃ：ORO (1200,400) -> VERDE
2025-09-11 17:34:46,171 - INFO - [17:34:46] PARADA DE PASAJEROS (1.6s) - COMBI_9689 en (1125,752)
2025-09-11 17:34:46,268 - WARNING - 泅ｨ ALERTA: Congestiﾃｳn CRﾃ控ICA en SUR (100.0%)
2025-09-11 17:34:46,477 - INFO - [17:34:46] SEMﾃ：ORO (900,400) -> VERDE
2025-09-11 17:34:46,477 - INFO - [17:34:46] SEMﾃ：ORO (1000,200) -> VERDE
2025-09-11 17:34:46,541 - INFO - [17:34:46] SEMﾃ：ORO (800,700) -> VERDE
2025-09-11 17:34:46,542 - WARNING - 泅ｨ ALERTA: Congestiﾃｳn CRﾃ控ICA en ESTE (87.5%)
2025-09-11 17:34:46,655 - INFO - [17:34:46] NUEVO TAXI - TAXI_3463 en (154,500)
2025-09-11 17:34:46,687 - INFO - [17:34:46] SEMﾃ：ORO (300,800) -> VERDE
2025-09-11 17:34:46,832 - INFO - [17:34:46] SEMﾃ：ORO (800,800) -> VERDE
2025-09-11 17:34:46,928 - INFO - [17:34:46] SEMﾃ：ORO (1000,600) -> VERDE
2025-09-11 17:34:47,135 - INFO - [17:34:47] SEMﾃ：ORO (600,200) -> VERDE
2025-09-11 17:34:47,199 - INFO - [17:34:47] SEMﾃ：ORO (800,200) -> VERDE
2025-09-11 17:34:47,295 - INFO - [17:34:47] SEMﾃ：ORO (1300,200) -> VERDE
2025-09-11 17:34:47,296 - INFO - [17:34:47] SEMﾃ：ORO (700,400) -> VERDE
2025-09-11 17:34:47,296 - INFO - [17:34:47] SEMﾃ：ORO (600,500) -> VERDE
2025-09-11 17:34:47,521 - INFO - [17:34:47] SEMﾃ：ORO (800,300) -> VERDE
2025-09-11 17:34:47,633 - INFO - [17:34:47] SEMﾃ：ORO (1400,400) -> VERDE
2025-09-11 17:34:47,681 - INFO - [17:34:47] PARADA DE PASAJEROS (2.3s) - COMBI_8253 en (326,495)
2025-09-11 17:34:47,729 - WARNING - 泅ｨ ALERTA: Congestiﾃｳn CRﾃ控ICA en NORTE (100.0%)
2025-09-11 17:34:47,777 - INFO - [17:34:47] SEMﾃ：ORO (500,500) -> VERDE
2025-09-11 17:34:47,777 - INFO - [17:34:47] SEMﾃ：ORO (350,450) -> VERDE
2025-09-11 17:34:47,793 - INFO - [17:34:47] SEMﾃ：ORO (500,600) -> VERDE
2025-09-11 17:34:47,954 - INFO - 笨 Congestiﾃｳn en SUR normalizada (0.0%)
2025-09-11 17:34:48,033 - INFO - 笨 Congestiﾃｳn en CENTRO normalizada (0.0%)
2025-09-11 17:34:48,064 - INFO - [17:34:48] SEMﾃ：ORO (100,600) -> VERDE
2025-09-11 17:34:48,080 - INFO - [17:34:48] NUEVO COMBI - COMBI_5224 en (54,800)
2025-09-11 17:34:48,081 - INFO - 笨 Congestiﾃｳn en ESTE normalizada (50.0%)
2025-09-11 17:34:48,226 - INFO - [17:34:48] SEMﾃ：ORO (200,400) -> AMARILLO
2025-09-11 17:34:48,243 - INFO - 笨 Congestiﾃｳn en OESTE normalizada (50.0%)
2025-09-11 17:34:48,275 - WARNING - 泅ｨ ALERTA: Congestiﾃｳn CRﾃ控ICA en OESTE (83.3%)
2025-09-11 17:34:48,306 - INFO - [17:34:48] SEMﾃ：ORO (800,400) -> VERDE
2025-09-11 17:34:48,322 - INFO - [17:34:48] SEMﾃ：ORO (500,700) -> AMARILLO
2025-09-11 17:34:48,322 - INFO - [17:34:48] SEMﾃ：ORO (600,340) -> VERDE
2025-09-11 17:34:48,435 - INFO - [17:34:48] SEMﾃ：ORO (300,100) -> VERDE
2025-09-11 17:34:48,452 - INFO - [17:34:48] PARADA DE PASAJEROS (1.4s) - COMBI_4640 en (200,340)
2025-09-11 17:34:48,552 - WARNING - 泅ｨ ALERTA: Congestiﾃｳn CRﾃ控ICA en ESTE (87.5%)
2025-09-11 17:34:48,615 - INFO - [17:34:48] SEMﾃ：ORO (800,100) -> VERDE
2025-09-11 17:34:48,647 - INFO - [17:34:48] SEMﾃ：ORO (1100,100) -> VERDE
2025-09-11 17:34:48,679 - INFO - [17:34:48] SEMﾃ：ORO (300,700) -> VERDE
2025-09-11 17:34:48,695 - WARNING - 泅ｨ ALERTA: Congestiﾃｳn CRﾃ控ICA en CENTRO (100.0%)
2025-09-11 17:34:48,807 - INFO - [17:34:48] SEMﾃ：ORO (700,600) -> VERDE
2025-09-11 17:34:48,839 - INFO - [17:34:48] SEMﾃ：ORO (700,350) -> VERDE
2025-09-11 17:34:48,871 - INFO - [17:34:48] PARADA DE PASAJEROS (1.7s) - COMBI_8253 en (326,495)
2025-09-11 17:34:48,872 - INFO - 笨 Congestiﾃｳn en NORTE normalizada (33.3%)
2025-09-11 17:34:48,903 - INFO - [17:34:48] SEMﾃ：ORO (800,500) -> ROJO
2025-09-11 17:34:49,015 - INFO - [17:34:49] SEMﾃ：ORO (500,200) -> VERDE
2025-09-11 17:34:49,063 - INFO - [17:34:49] SEMﾃ：ORO (300,600) -> VERDE
2025-09-11 17:34:49,079 - INFO - [17:34:49] SEMﾃ：ORO (500,100) -> VERDE
2025-09-11 17:34:49,192 - INFO - [17:34:49] SEMﾃ：ORO (1100,500) -> VERDE
2025-09-11 17:34:49,224 - INFO - [17:34:49] NUEVO AUTO - AUTO_5426 en (525,902)
2025-09-11 17:34:49,241 - INFO - 笨 Congestiﾃｳn en CENTRO normalizada (50.0%)
2025-09-11 17:34:49,288 - INFO - [17:34:49] SEMﾃ：ORO (1300,400) -> VERDE
2025-09-11 17:34:49,336 - INFO - [17:34:49] SEMﾃ：ORO (600,400) -> AMARILLO
2025-09-11 17:34:49,337 - INFO - [17:34:49] SEMﾃ：ORO (300,300) -> VERDE
2025-09-11 17:34:49,755 - INFO - 笨 Congestiﾃｳn en ESTE normalizada (37.5%)
2025-09-11 17:34:50,076 - INFO - [17:34:50] SEMﾃ：ORO (1100,300) -> VERDE
2025-09-11 17:34:50,111 - INFO - [17:34:50] SEMﾃ：ORO (1100,400) -> VERDE
2025-09-11 17:34:50,255 - INFO - [17:34:50] SEMﾃ：ORO (500,300) -> AMARILLO
2025-09-11 17:34:50,351 - INFO - [17:34:50] SEMﾃ：ORO (900,200) -> AMARILLO
2025-09-11 17:34:50,432 - INFO - [17:34:50] NUEVO TAXI - TAXI_6978 en (500,65)
2025-09-11 17:34:50,512 - INFO - [17:34:50] SEMﾃ：ORO (1100,200) -> VERDE
2025-09-11 17:34:50,560 - INFO - [17:34:50] SEMﾃ：ORO (1100,700) -> AMARILLO
2025-09-11 17:34:50,640 - INFO - [17:34:50] SEMﾃ：ORO (500,400) -> VERDE
2025-09-11 17:34:50,656 - INFO - [17:34:50] SEMﾃ：ORO (300,200) -> VERDE
2025-09-11 17:34:50,768 - INFO - [17:34:50] SEMﾃ：ORO (700,200) -> AMARILLO
2025-09-11 17:34:50,800 - INFO - [17:34:50] SEMﾃ：ORO (1400,200) -> AMARILLO
2025-09-11 17:34:50,801 - INFO - 笨 Congestiﾃｳn en OESTE normalizada (50.0%)
2025-09-11 17:34:50,896 - INFO - [17:34:50] SEMﾃ：ORO (800,600) -> VERDE
2025-09-11 17:34:50,946 - WARNING - 泅ｨ ALERTA: Congestiﾃｳn CRﾃ控ICA en OESTE (83.3%)
2025-09-11 17:34:51,155 - INFO - [17:34:51] SEMﾃ：ORO (300,400) -> VERDE
2025-09-11 17:34:51,187 - INFO - [17:34:51] SEMﾃ：ORO (1200,600) -> AMARILLO
2025-09-11 17:34:51,219 - INFO - [17:34:51] SEMﾃ：ORO (500,800) -> AMARILLO
2025-09-11 17:34:51,235 - INFO - [17:34:51] SEMﾃ：ORO (200,400) -> ROJO
2025-09-11 17:34:51,332 - INFO - [17:34:51] SEMﾃ：ORO (500,700) -> ROJO
2025-09-11 17:34:51,333 - INFO - 笨 Congestiﾃｳn en OESTE normalizada (50.0%)
2025-09-11 17:34:51,398 - INFO - [17:34:51] SEMﾃ：ORO (200,720) -> AMARILLO
2025-09-11 17:34:51,414 - INFO - [17:34:51] NUEVO COMBI - COMBI_9560 en (700,100)
2025-09-11 17:34:51,415 - INFO - [17:34:51] SEMﾃ：ORO (1100,600) -> VERDE
2025-09-11 17:34:51,431 - INFO - [17:34:51] SEMﾃ：ORO (1000,400) -> AMARILLO
2025-09-11 17:34:51,431 - INFO - [17:34:51] SEMﾃ：ORO (1100,800) -> AMARILLO
2025-09-11 17:34:51,672 - INFO - [17:34:51] SEMﾃ：ORO (200,600) -> AMARILLO
2025-09-11 17:34:51,768 - INFO - [17:34:51] SEMﾃ：ORO (1200,200) -> AMARILLO
2025-09-11 17:34:51,801 - INFO - [17:34:51] SEMﾃ：ORO (900,600) -> AMARILLO
2025-09-11 17:34:51,945 - INFO - [17:34:51] SEMﾃ：ORO (100,400) -> AMARILLO
2025-09-11 17:34:51,961 - INFO - [17:34:51] SEMﾃ：ORO (400,520) -> AMARILLO
2025-09-11 17:34:52,105 - INFO - [17:34:52] SEMﾃ：ORO (600,600) -> AMARILLO
2025-09-11 17:34:52,121 - INFO - [17:34:52] SEMﾃ：ORO (300,800) -> AMARILLO
2025-09-11 17:34:52,346 - INFO - [17:34:52] SEMﾃ：ORO (600,400) -> ROJO
2025-09-11 17:34:52,443 - INFO - [17:34:52] NUEVO TAXI - TAXI_3727 en (1100,10)
2025-09-11 17:34:52,621 - WARNING - 泅ｨ ALERTA: Congestiﾃｳn CRﾃ控ICA en NORTE (100.0%)
2025-09-11 17:34:52,845 - INFO - [17:34:52] SEMﾃ：ORO (1200,400) -> AMARILLO
2025-09-11 17:34:52,926 - WARNING - 泅ｨ ALERTA: Congestiﾃｳn CRﾃ控ICA en CENTRO (100.0%)
2025-09-11 17:34:53,004 - INFO - [17:34:53] SEMﾃ：ORO (800,500) -> VERDE
2025-09-11 17:34:53,020 - INFO - [17:34:53] SEMﾃ：ORO (800,800) -> AMARILLO
2025-09-11 17:34:53,132 - INFO - [17:34:53] SEMﾃ：ORO (1400,600) -> AMARILLO
2025-09-11 17:34:53,133 - INFO - [17:34:53] SEMﾃ：ORO (300,500) -> AMARILLO
2025-09-11 17:34:53,133 - WARNING - 泅ｨ ALERTA: Congestiﾃｳn CRﾃ控ICA en OESTE (100.0%)
2025-09-11 17:34:53,261 - INFO - [17:34:53] SEMﾃ：ORO (500,300) -> ROJO
2025-09-11 17:34:53,261 - INFO - [17:34:53] SEMﾃ：ORO (400,320) -> AMARILLO
2025-09-11 17:34:53,325 - INFO - [17:34:53] SEMﾃ：ORO (100,200) -> AMARILLO
2025-09-11 17:34:53,358 - INFO - [17:34:53] SEMﾃ：ORO (900,200) -> ROJO
2025-09-11 17:34:53,536 - INFO - [17:34:53] NUEVO TAXI - TAXI_4953 en (64,700)
2025-09-11 17:34:53,568 - INFO - [17:34:53] SEMﾃ：ORO (1100,700) -> ROJO
2025-09-11 17:34:53,633 - INFO - [17:34:53] SEMﾃ：ORO (1300,600) -> AMARILLO
2025-09-11 17:34:53,777 - INFO - [17:34:53] SEMﾃ：ORO (700,200) -> ROJO
2025-09-11 17:34:53,793 - INFO - [17:34:53] SEMﾃ：ORO (600,340) -> AMARILLO
2025-09-11 17:34:53,809 - INFO - [17:34:53] SEMﾃ：ORO (1400,200) -> ROJO
2025-09-11 17:34:54,194 - INFO - [17:34:54] SEMﾃ：ORO (1200,600) -> ROJO
2025-09-11 17:34:54,226 - INFO - [17:34:54] SEMﾃ：ORO (500,800) -> ROJO
2025-09-11 17:34:54,322 - INFO - [17:34:54] SEMﾃ：ORO (600,200) -> AMARILLO
2025-09-11 17:34:54,404 - INFO - [17:34:54] SEMﾃ：ORO (100,600) -> AMARILLO
2025-09-11 17:34:54,404 - INFO - [17:34:54] SEMﾃ：ORO (200,720) -> ROJO
2025-09-11 17:34:54,436 - INFO - [17:34:54] SEMﾃ：ORO (1000,400) -> ROJO
2025-09-11 17:34:54,437 - INFO - [17:34:54] SEMﾃ：ORO (1100,800) -> ROJO
2025-09-11 17:34:54,517 - INFO - [17:34:54] SEMﾃ：ORO (1000,600) -> AMARILLO
2025-09-11 17:34:54,565 - INFO - [17:34:54] NUEVO AUTO - AUTO_8109 en (300,53)
2025-09-11 17:34:54,661 - INFO - [17:34:54] SEMﾃ：ORO (1100,500) -> AMARILLO
2025-09-11 17:34:54,677 - INFO - [17:34:54] SEMﾃ：ORO (200,600) -> ROJO
2025-09-11 17:34:54,757 - INFO - [17:34:54] SEMﾃ：ORO (1400,400) -> AMARILLO
2025-09-11 17:34:54,773 - INFO - [17:34:54] SEMﾃ：ORO (1200,200) -> ROJO
2025-09-11 17:34:54,789 - INFO - [17:34:54] SEMﾃ：ORO (700,350) -> AMARILLO
2025-09-11 17:34:54,805 - INFO - [17:34:54] SEMﾃ：ORO (900,600) -> ROJO
2025-09-11 17:34:54,949 - INFO - [17:34:54] SEMﾃ：ORO (100,400) -> ROJO
2025-09-11 17:34:54,964 - INFO - [17:34:54] SEMﾃ：ORO (400,520) -> ROJO
2025-09-11 17:34:54,996 - INFO - [17:34:54] SEMﾃ：ORO (500,500) -> AMARILLO
2025-09-11 17:34:55,076 - INFO - [17:34:55] SEMﾃ：ORO (200,200) -> AMARILLO
2025-09-11 17:34:55,108 - INFO - [17:34:55] SEMﾃ：ORO (600,600) -> ROJO
2025-09-11 17:34:55,125 - INFO - [17:34:55] SEMﾃ：ORO (300,800) -> ROJO
2025-09-11 17:34:55,333 - INFO - [17:34:55] SEMﾃ：ORO (900,400) -> AMARILLO
2025-09-11 17:34:55,398 - INFO - [17:34:55] SEMﾃ：ORO (1000,200) -> AMARILLO
2025-09-11 17:34:55,414 - INFO - [17:34:55] SEMﾃ：ORO (500,100) -> AMARILLO
2025-09-11 17:34:55,415 - INFO - [17:34:55] SEMﾃ：ORO (350,450) -> AMARILLO
2025-09-11 17:34:55,846 - INFO - [17:34:55] SEMﾃ：ORO (1200,400) -> ROJO
2025-09-11 17:34:55,878 - INFO - [17:34:55] SEMﾃ：ORO (800,700) -> AMARILLO
2025-09-11 17:34:55,894 - INFO - [17:34:55] NUEVO TAXI - TAXI_7740 en (107,100)
2025-09-11 17:34:55,944 - INFO - [17:34:55] SEMﾃ：ORO (700,400) -> AMARILLO
2025-09-11 17:34:55,945 - INFO - [17:34:55] SEMﾃ：ORO (1100,100) -> AMARILLO
2025-09-11 17:34:56,024 - INFO - [17:34:56] SEMﾃ：ORO (800,800) -> ROJO
2025-09-11 17:34:56,056 - INFO - [17:34:56] SEMﾃ：ORO (300,700) -> AMARILLO
2025-09-11 17:34:56,072 - INFO - [17:34:56] SEMﾃ：ORO (700,600) -> AMARILLO
2025-09-11 17:34:56,136 - INFO - [17:34:56] SEMﾃ：ORO (1400,600) -> ROJO
2025-09-11 17:34:56,136 - INFO - [17:34:56] SEMﾃ：ORO (300,500) -> ROJO
2025-09-11 17:34:56,168 - INFO - [17:34:56] SEMﾃ：ORO (200,400) -> VERDE
2025-09-11 17:34:56,264 - INFO - [17:34:56] SEMﾃ：ORO (400,320) -> ROJO
2025-09-11 17:34:56,281 - INFO - 笨 Congestiﾃｳn en NORTE normalizada (50.0%)
2025-09-11 17:34:56,328 - INFO - [17:34:56] SEMﾃ：ORO (100,200) -> ROJO
2025-09-11 17:34:56,328 - INFO - [17:34:56] SEMﾃ：ORO (300,100) -> AMARILLO
2025-09-11 17:34:56,346 - INFO - 笨 Congestiﾃｳn en OESTE normalizada (57.1%)
2025-09-11 17:34:56,392 - INFO - [17:34:56] SEMﾃ：ORO (800,300) -> AMARILLO
2025-09-11 17:34:56,634 - INFO - [17:34:56] SEMﾃ：ORO (1300,600) -> ROJO
2025-09-11 17:34:56,666 - INFO - [17:34:56] SEMﾃ：ORO (500,700) -> VERDE
2025-09-11 17:34:56,795 - INFO - [17:34:56] SEMﾃ：ORO (600,340) -> ROJO
2025-09-11 17:34:56,859 - INFO - [17:34:56] SEMﾃ：ORO (300,300) -> AMARILLO
2025-09-11 17:34:56,907 - INFO - [17:34:56] SEMﾃ：ORO (600,500) -> AMARILLO
2025-09-11 17:34:57,098 - INFO - [17:34:57] NUEVO COMBI - COMBI_8605 en (33,800)
2025-09-11 17:34:57,162 - INFO - [17:34:57] SEMﾃ：ORO (600,400) -> VERDE
2025-09-11 17:34:57,323 - INFO - [17:34:57] SEMﾃ：ORO (600,200) -> ROJO
2025-09-11 17:34:57,374 - WARNING - 泅ｨ ALERTA: Congestiﾃｳn CRﾃ控ICA en NORTE (100.0%)
2025-09-11 17:34:57,374 - WARNING - 泅ｨ ALERTA: Congestiﾃｳn CRﾃ控ICA en ESTE (100.0%)
2025-09-11 17:34:57,405 - INFO - [17:34:57] SEMﾃ：ORO (100,600) -> ROJO
2025-09-11 17:34:57,517 - INFO - [17:34:57] SEMﾃ：ORO (1000,600) -> ROJO
2025-09-11 17:34:57,662 - INFO - [17:34:57] SEMﾃ：ORO (1100,500) -> ROJO
2025-09-11 17:34:57,726 - INFO - [17:34:57] SEMﾃ：ORO (800,100) -> AMARILLO
2025-09-11 17:34:57,758 - INFO - [17:34:57] SEMﾃ：ORO (1400,400) -> ROJO
2025-09-11 17:34:57,790 - INFO - [17:34:57] SEMﾃ：ORO (700,350) -> ROJO
2025-09-11 17:34:57,886 - INFO - [17:34:57] SEMﾃ：ORO (500,300) -> VERDE
2025-09-11 17:34:57,998 - INFO - [17:34:57] SEMﾃ：ORO (500,500) -> ROJO
2025-09-11 17:34:58,065 - INFO - [17:34:58] SEMﾃ：ORO (800,500) -> AMARILLO
2025-09-11 17:34:58,081 - INFO - [17:34:58] SEMﾃ：ORO (200,200) -> ROJO
2025-09-11 17:34:58,242 - INFO - [17:34:58] NUEVO TAXI - TAXI_8955 en (213,608)
2025-09-11 17:34:58,258 - INFO - [17:34:58] SEMﾃ：ORO (1100,300) -> AMARILLO
2025-09-11 17:34:58,324 - INFO - [17:34:58] SEMﾃ：ORO (500,200) -> AMARILLO
2025-09-11 17:34:58,340 - INFO - [17:34:58] SEMﾃ：ORO (900,400) -> ROJO
2025-09-11 17:34:58,405 - INFO - [17:34:58] SEMﾃ：ORO (1000,200) -> ROJO
2025-09-11 17:34:58,421 - INFO - [17:34:58] SEMﾃ：ORO (500,100) -> ROJO
2025-09-11 17:34:58,421 - INFO - [17:34:58] SEMﾃ：ORO (350,450) -> ROJO
2025-09-11 17:34:58,518 - INFO - [17:34:58] SEMﾃ：ORO (900,200) -> VERDE
2025-09-11 17:34:58,841 - INFO - [17:34:58] SEMﾃ：ORO (1400,200) -> VERDE
2025-09-11 17:34:58,889 - INFO - [17:34:58] SEMﾃ：ORO (800,700) -> ROJO
2025-09-11 17:34:58,953 - INFO - [17:34:58] SEMﾃ：ORO (700,400) -> ROJO
2025-09-11 17:34:58,953 - INFO - [17:34:58] SEMﾃ：ORO (1100,100) -> ROJO
2025-09-11 17:34:59,050 - WARNING - 泅ｨ ALERTA: Congestiﾃｳn CRﾃ控ICA en OESTE (88.9%)
2025-09-11 17:34:59,065 - INFO - [17:34:59] SEMﾃ：ORO (300,700) -> ROJO
2025-09-11 17:34:59,081 - INFO - [17:34:59] SEMﾃ：ORO (700,600) -> ROJO
2025-09-11 17:34:59,161 - INFO - [17:34:59] SEMﾃ：ORO (1200,200) -> VERDE
2025-09-11 17:34:59,209 - INFO - [17:34:59] SEMﾃ：ORO (400,520) -> VERDE
2025-09-11 17:34:59,225 - INFO - [17:34:59] SEMﾃ：ORO (700,200) -> VERDE
2025-09-11 17:34:59,337 - INFO - [17:34:59] SEMﾃ：ORO (300,100) -> ROJO
2025-09-11 17:34:59,386 - INFO - [17:34:59] SEMﾃ：ORO (1000,400) -> VERDE
2025-09-11 17:34:59,402 - INFO - [17:34:59] NUEVO TAXI - TAXI_3193 en (325,963)
2025-09-11 17:34:59,403 - INFO - [17:34:59] SEMﾃ：ORO (800,300) -> ROJO
2025-09-11 17:34:59,419 - WARNING - 泅ｨ ALERTA: Congestiﾃｳn CRﾃ控ICA en SUR (100.0%)
2025-09-11 17:34:59,644 - INFO - [17:34:59] SEMﾃ：ORO (1300,400) -> AMARILLO
2025-09-11 17:34:59,773 - INFO - [17:34:59] SEMﾃ：ORO (500,800) -> VERDE
2025-09-11 17:34:59,856 - INFO - 笨 Congestiﾃｳn en ESTE normalizada (50.0%)
2025-09-11 17:34:59,871 - INFO - [17:34:59] SEMﾃ：ORO (300,300) -> ROJO
2025-09-11 17:34:59,888 - INFO - [17:34:59] PARADA DE PASAJEROS (1.5s) - COMBI_9689 en (1127,456)
2025-09-11 17:34:59,920 - INFO - [17:34:59] SEMﾃ：ORO (600,500) -> ROJO
2025-09-11 17:35:00,208 - INFO - [17:35:00] PARADA DE PASAJEROS (1.0s) - COMBI_9560 en (700,191)
2025-09-11 17:35:00,223 - INFO - [17:35:00] SEMﾃ：ORO (300,500) -> VERDE
2025-09-11 17:35:00,239 - INFO - [17:35:00] SEMﾃ：ORO (800,600) -> AMARILLO
2025-09-11 17:35:00,271 - INFO - [17:35:00] SEMﾃ：ORO (800,200) -> AMARILLO
2025-09-11 17:35:00,352 - INFO - [17:35:00] SEMﾃ：ORO (200,720) -> VERDE
2025-09-11 17:35:00,385 - INFO - [17:35:00] SEMﾃ：ORO (1300,200) -> AMARILLO
2025-09-11 17:35:00,532 - INFO - [17:35:00] SEMﾃ：ORO (900,600) -> VERDE
2025-09-11 17:35:00,596 - INFO - [17:35:00] NUEVO COMBI - COMBI_9048 en (500,22)
2025-09-11 17:35:00,597 - WARNING - 泅ｨ ALERTA: Congestiﾃｳn CRﾃ控ICA en ESTE (100.0%)
2025-09-11 17:35:00,661 - INFO - [17:35:00] SEMﾃ：ORO (600,600) -> VERDE
2025-09-11 17:35:00,725 - INFO - [17:35:00] SEMﾃ：ORO (100,400) -> VERDE
2025-09-11 17:35:00,741 - INFO - [17:35:00] SEMﾃ：ORO (800,100) -> ROJO
2025-09-11 17:35:00,870 - INFO - [17:35:00] SEMﾃ：ORO (200,600) -> VERDE
2025-09-11 17:35:00,951 - INFO - [17:35:00] SEMﾃ：ORO (1400,600) -> VERDE
2025-09-11 17:35:01,080 - INFO - [17:35:01] SEMﾃ：ORO (800,500) -> ROJO
2025-09-11 17:35:01,272 - INFO - [17:35:01] SEMﾃ：ORO (1100,300) -> ROJO
2025-09-11 17:35:01,336 - INFO - [17:35:01] SEMﾃ：ORO (500,200) -> ROJO
2025-09-11 17:35:01,401 - INFO - [17:35:01] SEMﾃ：ORO (1100,700) -> VERDE
2025-09-11 17:35:01,577 - INFO - [17:35:01] SEMﾃ：ORO (300,400) -> AMARILLO
2025-09-11 17:35:01,593 - INFO - [17:35:01] SEMﾃ：ORO (100,200) -> VERDE
2025-09-11 17:35:01,689 - INFO - [17:35:01] SEMﾃ：ORO (1200,400) -> VERDE
2025-09-11 17:35:01,738 - INFO - [17:35:01] SEMﾃ：ORO (1000,600) -> VERDE
2025-09-11 17:35:01,803 - INFO - [17:35:01] NUEVO AUTO - AUTO_1157 en (1579,625)
2025-09-11 17:35:01,884 - INFO - [17:35:01] SEMﾃ：ORO (800,400) -> AMARILLO
2025-09-11 17:35:01,916 - INFO - [17:35:01] SEMﾃ：ORO (400,320) -> VERDE
2025-09-11 17:35:01,932 - INFO - [17:35:01] SEMﾃ：ORO (1200,600) -> VERDE
2025-09-11 17:35:02,013 - INFO - [17:35:02] SEMﾃ：ORO (1100,200) -> AMARILLO
2025-09-11 17:35:02,142 - INFO - [17:35:02] SEMﾃ：ORO (200,400) -> AMARILLO
2025-09-11 17:35:02,287 - INFO - [17:35:02] SEMﾃ：ORO (300,600) -> AMARILLO
2025-09-11 17:35:02,383 - INFO - [17:35:02] SEMﾃ：ORO (1100,800) -> VERDE
2025-09-11 17:35:02,544 - INFO - [17:35:02] SEMﾃ：ORO (500,600) -> AMARILLO
2025-09-11 17:35:02,656 - INFO - [17:35:02] SEMﾃ：ORO (1300,400) -> ROJO
2025-09-11 17:35:02,672 - INFO - [17:35:02] SEMﾃ：ORO (600,200) -> VERDE
2025-09-11 17:35:02,720 - INFO - [17:35:02] SEMﾃ：ORO (300,800) -> VERDE
2025-09-11 17:35:02,736 - INFO - [17:35:02] NUEVO COMBI - COMBI_9891 en (700,63)
2025-09-11 17:35:02,736 - INFO - [17:35:02] SEMﾃ：ORO (100,600) -> VERDE
2025-09-11 17:35:02,929 - INFO - [17:35:02] SEMﾃ：ORO (500,700) -> AMARILLO
2025-09-11 17:35:02,961 - INFO - [17:35:02] SEMﾃ：ORO (900,400) -> VERDE
2025-09-11 17:35:02,993 - INFO - [17:35:02] SEMﾃ：ORO (1100,600) -> AMARILLO
2025-09-11 17:35:03,010 - INFO - 笨 Congestiﾃｳn en SUR normalizada (40.0%)
2025-09-11 17:35:03,025 - INFO - [17:35:03] SEMﾃ：ORO (800,700) -> VERDE
2025-09-11 17:35:03,106 - INFO - [17:35:03] SEMﾃ：ORO (800,800) -> VERDE
2025-09-11 17:35:03,188 - INFO - [17:35:03] SEMﾃ：ORO (1300,600) -> VERDE
2025-09-11 17:35:03,252 - INFO - [17:35:03] SEMﾃ：ORO (800,600) -> ROJO
2025-09-11 17:35:03,284 - INFO - [17:35:03] SEMﾃ：ORO (800,200) -> ROJO
2025-09-11 17:35:03,316 - INFO - [17:35:03] SEMﾃ：ORO (1100,400) -> AMARILLO
2025-09-11 17:35:03,332 - INFO - [17:35:03] SEMﾃ：ORO (500,500) -> VERDE
2025-09-11 17:35:03,365 - INFO - 笨 Congestiﾃｳn en ESTE normalizada (50.0%)
2025-09-11 17:35:03,397 - INFO - [17:35:03] SEMﾃ：ORO (1300,200) -> ROJO
2025-09-11 17:35:03,477 - INFO - [17:35:03] SEMﾃ：ORO (500,300) -> AMARILLO
2025-09-11 17:35:03,477 - INFO - [17:35:03] SEMﾃ：ORO (600,340) -> VERDE
2025-09-11 17:35:03,525 - INFO - [17:35:03] SEMﾃ：ORO (600,400) -> AMARILLO
2025-09-11 17:35:03,656 - INFO - 笨 Congestiﾃｳn en CENTRO normalizada (50.0%)
2025-09-11 17:35:03,929 - INFO - [17:35:03] NUEVO COMBI - COMBI_7301 en (1000,38)
2025-09-11 17:35:03,930 - INFO - [17:35:03] SEMﾃ：ORO (1000,200) -> VERDE
2025-09-11 17:35:04,041 - INFO - [17:35:04] SEMﾃ：ORO (1400,400) -> VERDE
2025-09-11 17:35:04,057 - INFO - [17:35:04] SEMﾃ：ORO (200,200) -> VERDE
2025-09-11 17:35:04,140 - INFO - [17:35:04] SEMﾃ：ORO (500,400) -> AMARILLO
2025-09-11 17:35:04,141 - INFO - [17:35:04] SEMﾃ：ORO (700,400) -> VERDE
2025-09-11 17:35:04,255 - INFO - [17:35:04] SEMﾃ：ORO (300,200) -> AMARILLO
2025-09-11 17:35:04,287 - INFO - [17:35:04] SEMﾃ：ORO (800,300) -> VERDE
2025-09-11 17:35:04,287 - INFO - [17:35:04] SEMﾃ：ORO (1100,100) -> VERDE
2025-09-11 17:35:04,319 - INFO - [17:35:04] SEMﾃ：ORO (1100,500) -> VERDE
2025-09-11 17:35:04,577 - INFO - [17:35:04] SEMﾃ：ORO (300,400) -> ROJO
2025-09-11 17:35:04,705 - INFO - [17:35:04] SEMﾃ：ORO (700,350) -> VERDE
2025-09-11 17:35:04,753 - INFO - [17:35:04] SEMﾃ：ORO (500,100) -> VERDE
2025-09-11 17:35:04,882 - WARNING - 泅ｨ ALERTA: Congestiﾃｳn CRﾃ控ICA en CENTRO (100.0%)
2025-09-11 17:35:04,897 - INFO - [17:35:04] SEMﾃ：ORO (800,400) -> ROJO
2025-09-11 17:35:04,946 - INFO - 笨 Congestiﾃｳn en NORTE normalizada (50.0%)
2025-09-11 17:35:05,025 - INFO - [17:35:05] SEMﾃ：ORO (1100,200) -> ROJO
2025-09-11 17:35:05,025 - INFO - [17:35:05] SEMﾃ：ORO (700,600) -> VERDE
2025-09-11 17:35:05,153 - INFO - [17:35:05] SEMﾃ：ORO (200,400) -> ROJO
2025-09-11 17:35:05,185 - INFO - [17:35:05] SEMﾃ：ORO (800,500) -> VERDE
2025-09-11 17:35:05,297 - INFO - [17:35:05] SEMﾃ：ORO (300,600) -> ROJO
2025-09-11 17:35:05,329 - INFO - [17:35:05] NUEVO AUTO - AUTO_9340 en (1012,610)
2025-09-11 17:35:05,362 - INFO - [17:35:05] CAMBIO DE Vﾃ喉 (calle principal) - COMBI_3634 en (800,1001)
2025-09-11 17:35:05,411 - INFO - [17:35:05] SEMﾃ：ORO (600,500) -> VERDE
2025-09-11 17:35:05,557 - INFO - [17:35:05] SEMﾃ：ORO (500,600) -> ROJO
2025-09-11 17:35:05,589 - INFO - [17:35:05] SEMﾃ：ORO (900,200) -> AMARILLO
2025-09-11 17:35:05,895 - INFO - 笨 Congestiﾃｳn en CENTRO normalizada (50.0%)
2025-09-11 17:35:05,942 - INFO - [17:35:05] SEMﾃ：ORO (500,700) -> ROJO
2025-09-11 17:35:05,973 - INFO - [17:35:05] PARADA DE PASAJEROS (1.3s) - COMBI_7301 en (999,218)
2025-09-11 17:35:05,989 - INFO - [17:35:05] SEMﾃ：ORO (300,700) -> VERDE
2025-09-11 17:35:06,005 - INFO - [17:35:06] SEMﾃ：ORO (1100,600) -> ROJO
2025-09-11 17:35:06,054 - WARNING - 泅ｨ ALERTA: Congestiﾃｳn CRﾃ控ICA en NORTE (100.0%)
2025-09-11 17:35:06,054 - WARNING - 泅ｨ ALERTA: Congestiﾃｳn CRﾃ控ICA en ESTE (87.5%)
2025-09-11 17:35:06,149 - INFO - [17:35:06] PARADA DE PASAJEROS (2.2s) - COMBI_9689 en (1127,454)
2025-09-11 17:35:06,278 - INFO - 笨 Congestiﾃｳn en OESTE normalizada (55.6%)
2025-09-11 17:35:06,293 - INFO - [17:35:06] SEMﾃ：ORO (350,450) -> VERDE
2025-09-11 17:35:06,325 - INFO - [17:35:06] SEMﾃ：ORO (1100,400) -> ROJO
2025-09-11 17:35:06,406 - INFO - [17:35:06] SEMﾃ：ORO (500,800) -> AMARILLO
2025-09-11 17:35:06,488 - INFO - [17:35:06] SEMﾃ：ORO (500,300) -> ROJO
2025-09-11 17:35:06,504 - INFO - [17:35:06] SEMﾃ：ORO (1400,200) -> AMARILLO
2025-09-11 17:35:06,536 - INFO - [17:35:06] SEMﾃ：ORO (600,400) -> ROJO
2025-09-11 17:35:06,568 - INFO - [17:35:06] NUEVO AUTO - AUTO_6243 en (1200,64)
2025-09-11 17:35:06,760 - INFO - [17:35:06] SEMﾃ：ORO (1100,700) -> AMARILLO
2025-09-11 17:35:06,761 - WARNING - 泅ｨ ALERTA: Congestiﾃｳn CRﾃ控ICA en OESTE (88.9%)
2025-09-11 17:35:06,921 - INFO - [17:35:06] SEMﾃ：ORO (300,100) -> VERDE
2025-09-11 17:35:07,144 - INFO - [17:35:07] SEMﾃ：ORO (500,400) -> ROJO
2025-09-11 17:35:07,257 - INFO - [17:35:07] SEMﾃ：ORO (300,200) -> ROJO
2025-09-11 17:35:07,338 - INFO - [17:35:07] SEMﾃ：ORO (300,300) -> VERDE
2025-09-11 17:35:07,515 - INFO - [17:35:07] SEMﾃ：ORO (700,200) -> AMARILLO
2025-09-11 17:35:07,532 - INFO - 笨 Congestiﾃｳn en NORTE normalizada (40.0%)
2025-09-11 17:35:07,726 - INFO - [17:35:07] SEMﾃ：ORO (400,520) -> AMARILLO
2025-09-11 17:35:07,871 - INFO - [17:35:07] NUEVO AUTO - AUTO_2330 en (600,97)
2025-09-11 17:35:07,919 - INFO - [17:35:07] SEMﾃ：ORO (200,720) -> AMARILLO
2025-09-11 17:35:08,142 - INFO - [17:35:08] SEMﾃ：ORO (100,400) -> AMARILLO
2025-09-11 17:35:08,158 - INFO - [17:35:08] SEMﾃ：ORO (300,800) -> AMARILLO
2025-09-11 17:35:08,191 - INFO - [17:35:08] SEMﾃ：ORO (800,100) -> VERDE
2025-09-11 17:35:08,223 - INFO - [17:35:08] SEMﾃ：ORO (1200,600) -> AMARILLO
2025-09-11 17:35:08,239 - INFO - [17:35:08] SEMﾃ：ORO (1200,200) -> AMARILLO
2025-09-11 17:35:08,433 - INFO - [17:35:08] SEMﾃ：ORO (1200,400) -> AMARILLO
2025-09-11 17:35:08,563 - INFO - [17:35:08] SEMﾃ：ORO (1100,300) -> VERDE
2025-09-11 17:35:08,595 - INFO - [17:35:08] SEMﾃ：ORO (900,200) -> ROJO
2025-09-11 17:35:08,676 - INFO - [17:35:08] SEMﾃ：ORO (300,500) -> AMARILLO
2025-09-11 17:35:08,692 - INFO - [17:35:08] SEMﾃ：ORO (200,600) -> AMARILLO
2025-09-11 17:35:08,724 - INFO - [17:35:08] SEMﾃ：ORO (1100,800) -> AMARILLO
2025-09-11 17:35:08,757 - INFO - [17:35:08] PARADA DE PASAJEROS (1.2s) - COMBI_5224 en (1115,799)
2025-09-11 17:35:08,948 - INFO - [17:35:08] SEMﾃ：ORO (600,340) -> AMARILLO
2025-09-11 17:35:08,996 - INFO - [17:35:08] SEMﾃ：ORO (900,600) -> AMARILLO
2025-09-11 17:35:09,012 - INFO - [17:35:09] SEMﾃ：ORO (1000,400) -> AMARILLO
2025-09-11 17:35:09,060 - INFO - [17:35:09] NUEVO TAXI - TAXI_6926 en (105,200)
2025-09-11 17:35:09,076 - INFO - [17:35:09] SEMﾃ：ORO (100,600) -> AMARILLO
2025-09-11 17:35:09,173 - INFO - [17:35:09] PARADA DE PASAJEROS (1.6s) - COMBI_5224 en (1119,799)
2025-09-11 17:35:09,285 - INFO - [17:35:09] SEMﾃ：ORO (800,800) -> AMARILLO
2025-09-11 17:35:09,285 - INFO - [17:35:09] PARADA DE PASAJEROS (1.8s) - COMBI_8253 en (325,339)
2025-09-11 17:35:09,333 - INFO - [17:35:09] SEMﾃ：ORO (1000,600) -> AMARILLO
2025-09-11 17:35:09,414 - INFO - [17:35:09] SEMﾃ：ORO (1400,600) -> AMARILLO
2025-09-11 17:35:09,414 - INFO - [17:35:09] SEMﾃ：ORO (500,800) -> ROJO
2025-09-11 17:35:09,415 - INFO - [17:35:09] PARADA DE PASAJEROS (2.9s) - COMBI_9560 en (700,626)
2025-09-11 17:35:09,480 - WARNING - 泅ｨ ALERTA: Congestiﾃｳn CRﾃ控ICA en CENTRO (100.0%)
2025-09-11 17:35:09,510 - INFO - [17:35:09] SEMﾃ：ORO (1400,200) -> ROJO
2025-09-11 17:35:09,606 - INFO - [17:35:09] SEMﾃ：ORO (600,600) -> AMARILLO
2025-09-11 17:35:09,766 - INFO - [17:35:09] SEMﾃ：ORO (1100,700) -> ROJO
2025-09-11 17:35:09,782 - INFO - [17:35:09] SEMﾃ：ORO (1100,500) -> AMARILLO
2025-09-11 17:35:09,862 - INFO - [17:35:09] SEMﾃ：ORO (600,200) -> AMARILLO
2025-09-11 17:35:09,926 - INFO - [17:35:09] SEMﾃ：ORO (100,200) -> AMARILLO
2025-09-11 17:35:10,101 - INFO - [17:35:10] SEMﾃ：ORO (200,400) -> VERDE
2025-09-11 17:35:10,245 - INFO - [17:35:10] SEMﾃ：ORO (800,500) -> AMARILLO
2025-09-11 17:35:10,374 - WARNING - 泅ｨ ALERTA: Congestiﾃｳn CRﾃ控ICA en NORTE (100.0%)
2025-09-11 17:35:10,421 - INFO - [17:35:10] NUEVO AUTO - AUTO_2011 en (1200,23)
2025-09-11 17:35:10,485 - INFO - [17:35:10] PARADA DE PASAJEROS (2.1s) - COMBI_3634 en (800,664)
2025-09-11 17:35:10,517 - INFO - [17:35:10] SEMﾃ：ORO (700,200) -> ROJO
2025-09-11 17:35:10,549 - INFO - [17:35:10] SEMﾃ：ORO (500,500) -> AMARILLO
2025-09-11 17:35:10,661 - INFO - [17:35:10] SEMﾃ：ORO (700,350) -> AMARILLO
2025-09-11 17:35:10,741 - INFO - [17:35:10] SEMﾃ：ORO (400,520) -> ROJO
2025-09-11 17:35:10,821 - INFO - [17:35:10] SEMﾃ：ORO (400,320) -> AMARILLO
2025-09-11 17:35:10,933 - INFO - [17:35:10] SEMﾃ：ORO (200,720) -> ROJO
2025-09-11 17:35:11,044 - INFO - [17:35:11] SEMﾃ：ORO (800,600) -> VERDE
2025-09-11 17:35:11,092 - INFO - [17:35:11] SEMﾃ：ORO (500,100) -> AMARILLO
2025-09-11 17:35:11,108 - INFO - [17:35:11] SEMﾃ：ORO (500,300) -> VERDE
2025-09-11 17:35:11,156 - INFO - [17:35:11] SEMﾃ：ORO (100,400) -> ROJO
2025-09-11 17:35:11,172 - INFO - [17:35:11] SEMﾃ：ORO (1400,400) -> AMARILLO
2025-09-11 17:35:11,172 - INFO - [17:35:11] SEMﾃ：ORO (300,800) -> ROJO
2025-09-11 17:35:11,222 - INFO - [17:35:11] PARADA DE PASAJEROS (2.9s) - COMBI_9048 en (500,131)
2025-09-11 17:35:11,237 - INFO - [17:35:11] SEMﾃ：ORO (1200,600) -> ROJO
2025-09-11 17:35:11,254 - INFO - [17:35:11] SEMﾃ：ORO (1200,200) -> ROJO
2025-09-11 17:35:11,270 - INFO - [17:35:11] SEMﾃ：ORO (800,200) -> VERDE
2025-09-11 17:35:11,286 - INFO - [17:35:11] SEMﾃ：ORO (500,700) -> VERDE
2025-09-11 17:35:11,352 - INFO - [17:35:11] SEMﾃ：ORO (600,400) -> VERDE
2025-09-11 17:35:11,434 - INFO - [17:35:11] SEMﾃ：ORO (1200,400) -> ROJO
2025-09-11 17:35:11,450 - INFO - [17:35:11] NUEVO TAXI - TAXI_5977 en (77,600)
2025-09-11 17:35:11,562 - INFO - [17:35:11] SEMﾃ：ORO (1300,600) -> AMARILLO
2025-09-11 17:35:11,594 - INFO - [17:35:11] SEMﾃ：ORO (1100,100) -> AMARILLO
2025-09-11 17:35:11,690 - INFO - [17:35:11] SEMﾃ：ORO (300,500) -> ROJO
2025-09-11 17:35:11,706 - INFO - [17:35:11] SEMﾃ：ORO (200,600) -> ROJO
2025-09-11 17:35:11,738 - INFO - [17:35:11] SEMﾃ：ORO (1100,800) -> ROJO
2025-09-11 17:35:11,818 - INFO - [17:35:11] SEMﾃ：ORO (900,400) -> AMARILLO
2025-09-11 17:35:11,964 - INFO - [17:35:11] SEMﾃ：ORO (600,340) -> ROJO
2025-09-11 17:35:12,012 - INFO - [17:35:12] SEMﾃ：ORO (900,600) -> ROJO
2025-09-11 17:35:12,028 - INFO - [17:35:12] SEMﾃ：ORO (1000,400) -> ROJO
2025-09-11 17:35:12,076 - INFO - [17:35:12] SEMﾃ：ORO (300,600) -> VERDE
2025-09-11 17:35:12,092 - INFO - [17:35:12] SEMﾃ：ORO (100,600) -> ROJO
2025-09-11 17:35:12,285 - INFO - [17:35:12] SEMﾃ：ORO (800,800) -> ROJO
2025-09-11 17:35:12,302 - INFO - [17:35:12] SEMﾃ：ORO (700,600) -> AMARILLO
2025-09-11 17:35:12,334 - INFO - [17:35:12] SEMﾃ：ORO (1000,600) -> ROJO
2025-09-11 17:35:12,367 - INFO - [17:35:12] SEMﾃ：ORO (800,700) -> AMARILLO
2025-09-11 17:35:12,417 - INFO - [17:35:12] SEMﾃ：ORO (1400,600) -> ROJO
2025-09-11 17:35:12,610 - INFO - [17:35:12] SEMﾃ：ORO (600,600) -> ROJO
2025-09-11 17:35:12,691 - INFO - [17:35:12] SEMﾃ：ORO (500,200) -> VERDE
2025-09-11 17:35:12,787 - INFO - [17:35:12] NUEVO COMBI - COMBI_4843 en (1000,70)
2025-09-11 17:35:12,788 - INFO - [17:35:12] SEMﾃ：ORO (700,400) -> AMARILLO
2025-09-11 17:35:12,788 - INFO - [17:35:12] SEMﾃ：ORO (1100,500) -> ROJO
2025-09-11 17:35:12,851 - INFO - [17:35:12] SEMﾃ：ORO (1000,200) -> AMARILLO
2025-09-11 17:35:12,867 - INFO - [17:35:12] SEMﾃ：ORO (600,200) -> ROJO
2025-09-11 17:35:12,883 - INFO - [17:35:12] SEMﾃ：ORO (1100,200) -> VERDE
2025-09-11 17:35:12,931 - INFO - [17:35:12] SEMﾃ：ORO (100,200) -> ROJO
2025-09-11 17:35:13,092 - INFO - [17:35:13] SEMﾃ：ORO (800,400) -> VERDE
2025-09-11 17:35:13,157 - INFO - [17:35:13] SEMﾃ：ORO (800,300) -> AMARILLO
2025-09-11 17:35:13,205 - INFO - [17:35:13] SEMﾃ：ORO (1300,200) -> VERDE
2025-09-11 17:35:13,238 - INFO - [17:35:13] SEMﾃ：ORO (300,400) -> VERDE
2025-09-11 17:35:13,254 - INFO - [17:35:13] SEMﾃ：ORO (800,500) -> ROJO
2025-09-11 17:35:13,366 - INFO - [17:35:13] SEMﾃ：ORO (300,700) -> AMARILLO
2025-09-11 17:35:13,560 - INFO - [17:35:13] SEMﾃ：ORO (500,500) -> ROJO
2025-09-11 17:35:13,672 - INFO - [17:35:13] SEMﾃ：ORO (700,350) -> ROJO
2025-09-11 17:35:13,752 - INFO - [17:35:13] SEMﾃ：ORO (900,200) -> VERDE
2025-09-11 17:35:13,800 - INFO - [17:35:13] NUEVO TAXI - TAXI_4629 en (125,800)
2025-09-11 17:35:13,832 - INFO - [17:35:13] SEMﾃ：ORO (400,320) -> ROJO
2025-09-11 17:35:13,929 - INFO - [17:35:13] SEMﾃ：ORO (350,450) -> AMARILLO
2025-09-11 17:35:13,945 - INFO - [17:35:13] SEMﾃ：ORO (200,200) -> AMARILLO
2025-09-11 17:35:14,042 - INFO - [17:35:14] PARADA DE PASAJEROS (2.3s) - COMBI_9891 en (699,574)
2025-09-11 17:35:14,105 - INFO - [17:35:14] SEMﾃ：ORO (500,100) -> ROJO
2025-09-11 17:35:14,185 - INFO - [17:35:14] SEMﾃ：ORO (1400,400) -> ROJO
2025-09-11 17:35:14,233 - INFO - [17:35:14] SEMﾃ：ORO (1100,600) -> VERDE
2025-09-11 17:35:14,330 - INFO - [17:35:14] SEMﾃ：ORO (1300,400) -> VERDE
2025-09-11 17:35:14,542 - INFO - [17:35:14] SEMﾃ：ORO (1400,200) -> VERDE
2025-09-11 17:35:14,574 - INFO - [17:35:14] SEMﾃ：ORO (1300,600) -> ROJO
2025-09-11 17:35:14,606 - INFO - [17:35:14] SEMﾃ：ORO (1100,100) -> ROJO
2025-09-11 17:35:14,638 - INFO - [17:35:14] SEMﾃ：ORO (300,200) -> VERDE
2025-09-11 17:35:14,671 - INFO - [17:35:14] NUEVO TAXI - TAXI_1316 en (111,800)
2025-09-11 17:35:14,816 - INFO - [17:35:14] SEMﾃ：ORO (300,100) -> AMARILLO
2025-09-11 17:35:14,832 - INFO - [17:35:14] SEMﾃ：ORO (900,400) -> ROJO
2025-09-11 17:35:14,864 - INFO - [17:35:14] SEMﾃ：ORO (300,300) -> AMARILLO
2025-09-11 17:35:14,960 - INFO - [17:35:14] SEMﾃ：ORO (500,800) -> VERDE
2025-09-11 17:35:14,992 - INFO - [17:35:14] SEMﾃ：ORO (400,520) -> VERDE
2025-09-11 17:35:15,024 - INFO - [17:35:15] SEMﾃ：ORO (600,500) -> AMARILLO
2025-09-11 17:35:15,312 - INFO - [17:35:15] SEMﾃ：ORO (700,600) -> ROJO
2025-09-11 17:35:15,376 - INFO - [17:35:15] SEMﾃ：ORO (800,700) -> ROJO
2025-09-11 17:35:15,409 - INFO - [17:35:15] SEMﾃ：ORO (500,600) -> VERDE
2025-09-11 17:35:15,633 - INFO - [17:35:15] SEMﾃ：ORO (1200,200) -> VERDE
2025-09-11 17:35:15,777 - INFO - [17:35:15] SEMﾃ：ORO (300,500) -> VERDE
2025-09-11 17:35:15,793 - INFO - [17:35:15] NUEVO COMBI - COMBI_1807 en (1325,936)
2025-09-11 17:35:15,793 - INFO - [17:35:15] SEMﾃ：ORO (700,400) -> ROJO
2025-09-11 17:35:15,858 - INFO - [17:35:15] SEMﾃ：ORO (1000,200) -> ROJO
2025-09-11 17:35:15,969 - INFO - [17:35:15] SEMﾃ：ORO (700,200) -> VERDE
2025-09-11 17:35:16,081 - INFO - [17:35:16] SEMﾃ：ORO (200,400) -> AMARILLO
2025-09-11 17:35:16,161 - INFO - [17:35:16] SEMﾃ：ORO (800,300) -> ROJO
2025-09-11 17:35:16,370 - INFO - [17:35:16] SEMﾃ：ORO (300,700) -> ROJO
2025-09-11 17:35:16,548 - INFO - [17:35:16] SEMﾃ：ORO (1000,600) -> VERDE
2025-09-11 17:35:16,709 - INFO - [17:35:16] SEMﾃ：ORO (500,300) -> AMARILLO
2025-09-11 17:35:16,757 - INFO - [17:35:16] SEMﾃ：ORO (1100,300) -> AMARILLO
2025-09-11 17:35:16,789 - INFO - [17:35:16] SEMﾃ：ORO (500,400) -> VERDE
2025-09-11 17:35:16,885 - INFO - [17:35:16] SEMﾃ：ORO (200,720) -> VERDE
2025-09-11 17:35:16,933 - INFO - [17:35:16] SEMﾃ：ORO (100,400) -> VERDE
2025-09-11 17:35:16,934 - INFO - [17:35:16] SEMﾃ：ORO (350,450) -> ROJO
2025-09-11 17:35:16,951 - INFO - [17:35:16] SEMﾃ：ORO (200,200) -> ROJO
2025-09-11 17:35:16,982 - INFO - [17:35:16] SEMﾃ：ORO (1000,400) -> VERDE
2025-09-11 17:35:16,983 - WARNING - 泅ｨ ALERTA: Congestiﾃｳn CRﾃ控ICA en SUR (83.3%)
2025-09-11 17:35:17,030 - INFO - [17:35:17] NUEVO COMBI - COMBI_8529 en (525,975)
2025-09-11 17:35:17,223 - INFO - [17:35:17] SEMﾃ：ORO (1400,600) -> VERDE
2025-09-11 17:35:17,287 - INFO - [17:35:17] SEMﾃ：ORO (1200,400) -> VERDE
2025-09-11 17:35:17,303 - INFO - [17:35:17] SEMﾃ：ORO (800,100) -> AMARILLO
2025-09-11 17:35:17,351 - INFO - [17:35:17] SEMﾃ：ORO (800,500) -> VERDE
2025-09-11 17:35:17,432 - INFO - [17:35:17] SEMﾃ：ORO (100,600) -> VERDE
2025-09-11 17:35:17,497 - INFO - [17:35:17] PARADA DE PASAJEROS (1.5s) - COMBI_8529 en (525,952)
2025-09-11 17:35:17,548 - INFO - [17:35:17] SEMﾃ：ORO (500,700) -> AMARILLO
2025-09-11 17:35:17,597 - INFO - [17:35:17] SEMﾃ：ORO (1100,700) -> VERDE
2025-09-11 17:35:17,709 - INFO - [17:35:17] SEMﾃ：ORO (600,400) -> AMARILLO
2025-09-11 17:35:17,741 - INFO - [17:35:17] SEMﾃ：ORO (900,600) -> VERDE
2025-09-11 17:35:17,821 - INFO - [17:35:17] SEMﾃ：ORO (300,100) -> ROJO
2025-09-11 17:35:17,821 - INFO - [17:35:17] PARADA DE PASAJEROS (1.8s) - COMBI_3634 en (800,536)
2025-09-11 17:35:17,869 - INFO - [17:35:17] SEMﾃ：ORO (300,300) -> ROJO
2025-09-11 17:35:17,885 - INFO - [17:35:17] SEMﾃ：ORO (200,600) -> VERDE
2025-09-11 17:35:17,965 - INFO - [17:35:17] NUEVO COMBI - COMBI_5174 en (134,600)
2025-09-11 17:35:18,013 - INFO - [17:35:18] SEMﾃ：ORO (1100,400) -> VERDE
2025-09-11 17:35:18,029 - INFO - [17:35:18] SEMﾃ：ORO (600,500) -> ROJO
2025-09-11 17:35:18,173 - INFO - [17:35:18] SEMﾃ：ORO (600,600) -> VERDE
2025-09-11 17:35:18,189 - INFO - [17:35:18] SEMﾃ：ORO (100,200) -> VERDE
2025-09-11 17:35:18,205 - INFO - [17:35:18] SEMﾃ：ORO (600,200) -> VERDE
2025-09-11 17:35:18,657 - INFO - [17:35:18] SEMﾃ：ORO (600,340) -> VERDE
2025-09-11 17:35:18,769 - INFO - [17:35:18] SEMﾃ：ORO (300,800) -> VERDE
2025-09-11 17:35:18,898 - INFO - [17:35:18] SEMﾃ：ORO (500,500) -> VERDE
2025-09-11 17:35:18,962 - INFO - [17:35:18] SEMﾃ：ORO (1200,600) -> VERDE
2025-09-11 17:35:19,060 - INFO - 笨 Congestiﾃｳn en SUR normalizada (57.1%)
2025-09-11 17:35:19,091 - INFO - [17:35:19] SEMﾃ：ORO (200,400) -> ROJO
2025-09-11 17:35:19,155 - INFO - [17:35:19] NUEVO TAXI - TAXI_2199 en (1400,40)
2025-09-11 17:35:19,363 - INFO - [17:35:19] SEMﾃ：ORO (800,800) -> VERDE
2025-09-11 17:35:19,446 - INFO - [17:35:19] SEMﾃ：ORO (900,400) -> VERDE
2025-09-11 17:35:19,446 - INFO - [17:35:19] SEMﾃ：ORO (1100,500) -> VERDE
2025-09-11 17:35:19,494 - INFO - [17:35:19] SEMﾃ：ORO (400,320) -> VERDE
2025-09-11 17:35:19,524 - INFO - [17:35:19] SEMﾃ：ORO (800,700) -> VERDE
2025-09-11 17:35:19,542 - INFO - 笨 Congestiﾃｳn en ESTE normalizada (53.8%)
2025-09-11 17:35:19,685 - INFO - [17:35:19] SEMﾃ：ORO (1100,800) -> VERDE
2025-09-11 17:35:19,717 - INFO - [17:35:19] SEMﾃ：ORO (500,300) -> ROJO
2025-09-11 17:35:19,766 - INFO - [17:35:19] SEMﾃ：ORO (1100,300) -> ROJO
2025-09-11 17:35:19,943 - INFO - [17:35:19] SEMﾃ：ORO (1100,100) -> VERDE
2025-09-11 17:35:20,007 - INFO - [17:35:20] PARADA DE PASAJEROS (1.9s) - COMBI_7301 en (1000,475)
2025-09-11 17:35:20,311 - INFO - [17:35:20] SEMﾃ：ORO (800,100) -> ROJO
2025-09-11 17:35:20,392 - INFO - [17:35:20] NUEVO COMBI - COMBI_5333 en (825,927)
2025-09-11 17:35:20,393 - INFO - [17:35:20] SEMﾃ：ORO (800,600) -> AMARILLO
2025-09-11 17:35:20,440 - INFO - [17:35:20] SEMﾃ：ORO (500,100) -> VERDE
2025-09-11 17:35:20,472 - INFO - [17:35:20] SEMﾃ：ORO (1400,400) -> VERDE
2025-09-11 17:35:20,552 - INFO - [17:35:20] SEMﾃ：ORO (500,700) -> ROJO
2025-09-11 17:35:20,584 - INFO - [17:35:20] SEMﾃ：ORO (700,350) -> VERDE
2025-09-11 17:35:20,712 - INFO - [17:35:20] SEMﾃ：ORO (600,400) -> ROJO
2025-09-11 17:35:20,824 - INFO - [17:35:20] SEMﾃ：ORO (900,200) -> AMARILLO
2025-09-11 17:35:20,826 - INFO - 笨 Congestiﾃｳn en NORTE normalizada (40.0%)
2025-09-11 17:35:20,984 - INFO - [17:35:20] SEMﾃ：ORO (700,400) -> VERDE
2025-09-11 17:35:21,048 - INFO - [17:35:21] SEMﾃ：ORO (800,300) -> VERDE
2025-09-11 17:35:21,128 - INFO - [17:35:21] SEMﾃ：ORO (1300,600) -> VERDE
2025-09-11 17:35:21,258 - INFO - [17:35:21] SEMﾃ：ORO (700,600) -> VERDE
2025-09-11 17:35:21,371 - INFO - [17:35:21] SEMﾃ：ORO (1000,200) -> VERDE
2025-09-11 17:35:21,597 - INFO - [17:35:21] SEMﾃ：ORO (500,800) -> AMARILLO
2025-09-11 17:35:21,758 - INFO - [17:35:21] NUEVO TAXI - TAXI_5973 en (1582,425)
2025-09-11 17:35:21,857 - INFO - 笨 Congestiﾃｳn en CENTRO normalizada (55.6%)
2025-09-11 17:35:21,998 - INFO - [17:35:21] SEMﾃ：ORO (500,200) -> AMARILLO
2025-09-11 17:35:22,192 - INFO - [17:35:22] SEMﾃ：ORO (1400,200) -> AMARILLO
2025-09-11 17:35:22,194 - WARNING - 泅ｨ ALERTA: Congestiﾃｳn CRﾃ控ICA en CENTRO (88.9%)
2025-09-11 17:35:22,401 - INFO - [17:35:22] SEMﾃ：ORO (800,500) -> AMARILLO
2025-09-11 17:35:22,900 - INFO - [17:35:22] NUEVO COMBI - COMBI_3921 en (900,44)
2025-09-11 17:35:22,932 - INFO - [17:35:22] SEMﾃ：ORO (200,200) -> VERDE
2025-09-11 17:35:22,948 - INFO - [17:35:22] SEMﾃ：ORO (1100,700) -> AMARILLO
2025-09-11 17:35:23,013 - INFO - [17:35:23] PARADA DE PASAJEROS (2.3s) - COMBI_5174 en (178,600)
2025-09-11 17:35:23,285 - INFO - [17:35:23] SEMﾃ：ORO (300,700) -> VERDE
2025-09-11 17:35:23,398 - INFO - [17:35:23] SEMﾃ：ORO (800,600) -> ROJO
2025-09-11 17:35:23,510 - INFO - [17:35:23] SEMﾃ：ORO (400,520) -> AMARILLO
2025-09-11 17:35:23,526 - INFO - [17:35:23] SEMﾃ：ORO (600,500) -> VERDE
2025-09-11 17:35:23,654 - INFO - [17:35:23] SEMﾃ：ORO (300,400) -> AMARILLO
2025-09-11 17:35:23,782 - INFO - [17:35:23] SEMﾃ：ORO (100,600) -> AMARILLO
2025-09-11 17:35:23,831 - INFO - [17:35:23] SEMﾃ：ORO (900,200) -> ROJO
2025-09-11 17:35:23,928 - INFO - [17:35:23] PARADA DE PASAJEROS (1.5s) - COMBI_5333 en (826,661)
2025-09-11 17:35:24,008 - WARNING - 泅ｨ ALERTA: Congestiﾃｳn CRﾃ控ICA en NORTE (100.0%)
2025-09-11 17:35:24,039 - INFO - [17:35:24] NUEVO COMBI - COMBI_1877 en (155,100)
2025-09-11 17:35:24,039 - INFO - [17:35:24] SEMﾃ：ORO (200,400) -> VERDE
2025-09-11 17:35:24,039 - INFO - [17:35:24] SEMﾃ：ORO (1200,400) -> AMARILLO
2025-09-11 17:35:24,120 - INFO - [17:35:24] SEMﾃ：ORO (600,340) -> AMARILLO
2025-09-11 17:35:24,136 - INFO - [17:35:24] SEMﾃ：ORO (1000,600) -> AMARILLO
2025-09-11 17:35:24,200 - INFO - [17:35:24] SEMﾃ：ORO (300,800) -> AMARILLO
2025-09-11 17:35:24,234 - INFO - [17:35:24] SEMﾃ：ORO (300,500) -> AMARILLO
2025-09-11 17:35:24,248 - INFO - [17:35:24] SEMﾃ：ORO (700,200) -> AMARILLO
2025-09-11 17:35:24,282 - INFO - [17:35:24] PARADA DE PASAJEROS (1.7s) - COMBI_8529 en (525,770)
2025-09-11 17:35:24,328 - INFO - [17:35:24] SEMﾃ：ORO (500,300) -> VERDE
2025-09-11 17:35:24,344 - INFO - [17:35:24] SEMﾃ：ORO (800,200) -> AMARILLO
2025-09-11 17:35:24,344 - INFO - [17:35:24] SEMﾃ：ORO (100,400) -> AMARILLO
2025-09-11 17:35:24,376 - INFO - [17:35:24] SEMﾃ：ORO (1100,200) -> AMARILLO
2025-09-11 17:35:24,442 - INFO - [17:35:24] SEMﾃ：ORO (200,720) -> AMARILLO
2025-09-11 17:35:24,621 - INFO - [17:35:24] SEMﾃ：ORO (500,800) -> ROJO
2025-09-11 17:35:24,678 - INFO - [17:35:24] SEMﾃ：ORO (1300,400) -> AMARILLO
2025-09-11 17:35:24,710 - INFO - [17:35:24] SEMﾃ：ORO (1200,200) -> AMARILLO
2025-09-11 17:35:24,800 - INFO - [17:35:24] SEMﾃ：ORO (350,450) -> VERDE
2025-09-11 17:35:24,913 - INFO - [17:35:24] SEMﾃ：ORO (1100,500) -> AMARILLO
2025-09-11 17:35:25,010 - INFO - [17:35:25] SEMﾃ：ORO (500,200) -> ROJO
2025-09-11 17:35:25,204 - INFO - [17:35:25] SEMﾃ：ORO (1400,200) -> ROJO
2025-09-11 17:35:25,252 - INFO - [17:35:25] SEMﾃ：ORO (1200,600) -> AMARILLO
2025-09-11 17:35:25,268 - INFO - [17:35:25] NUEVO AUTO - AUTO_6880 en (1125,948)
2025-09-11 17:35:25,300 - INFO - [17:35:25] SEMﾃ：ORO (300,600) -> AMARILLO
2025-09-11 17:35:25,332 - INFO - [17:35:25] SEMﾃ：ORO (300,300) -> VERDE
2025-09-11 17:35:25,397 - INFO - [17:35:25] SEMﾃ：ORO (600,200) -> AMARILLO
2025-09-11 17:35:25,398 - INFO - [17:35:25] SEMﾃ：ORO (300,100) -> VERDE
2025-09-11 17:35:25,413 - INFO - [17:35:25] SEMﾃ：ORO (800,500) -> ROJO
2025-09-11 17:35:25,525 - INFO - [17:35:25] SEMﾃ：ORO (600,400) -> VERDE
2025-09-11 17:35:25,541 - INFO - [17:35:25] SEMﾃ：ORO (800,800) -> AMARILLO
2025-09-11 17:35:25,686 - INFO - [17:35:25] SEMﾃ：ORO (1400,600) -> AMARILLO
2025-09-11 17:35:25,702 - INFO - [17:35:25] SEMﾃ：ORO (200,600) -> AMARILLO
2025-09-11 17:35:25,787 - INFO - Simulaciﾃｳn finalizada
2025-09-11 17:35:25,787 - INFO - Duraciﾃｳn total: 57.2 segundos
2025-09-11 17:35:25,787 - INFO - Vehﾃｭculos generados: 48
2025-09-11 17:35:25,787 - INFO - Mﾃ｡ximo simultﾃ｡neo: 38
2025-09-11 17:35:25,833 - INFO - Simulaciﾃｳn terminada por interrupciﾃｳn del usuario
