2025-09-11 17:32:49,430 - INFO - ============================================================
2025-09-11 17:32:49,431 - INFO - SISTEMA DE LOGGING INICIALIZADO
2025-09-11 17:32:49,431 - INFO - Archivo de log: logs/traffic_sim_20250911_173249.log
2025-09-11 17:32:49,431 - INFO - Nivel de logging: INFO
2025-09-11 17:32:49,431 - INFO - ============================================================
2025-09-11 17:32:49,714 - INFO - Creados 66 semﾃ｡foros en total
2025-09-11 17:32:49,715 - INFO - Simulaciﾃｳn inicializada correctamente
2025-09-11 17:32:49,715 - INFO - Configuraciﾃｳn: 1600x1000
2025-09-11 17:32:49,715 - INFO - Calles creadas: 51
2025-09-11 17:32:49,715 - INFO - Semﾃ｡foros instalados: 66
2025-09-11 17:32:49,715 - INFO - Edificios: 25
2025-09-11 17:32:49,715 - INFO - Hora inicial: 08:00
2025-09-11 17:32:50,856 - INFO - [17:32:50] NUEVO COMBI - COMBI_2757 en (1200,65)
2025-09-11 17:32:50,857 - WARNING - 泅ｨ ALERTA: Congestiﾃｳn CRﾃ控ICA en NORTE (100.0%)
2025-09-11 17:32:50,857 - WARNING - 泅ｨ ALERTA: Congestiﾃｳn CRﾃ控ICA en ESTE (100.0%)
2025-09-11 17:32:51,031 - INFO - 笨 Congestiﾃｳn en NORTE normalizada (0.0%)
2025-09-11 17:32:51,031 - INFO - 笨 Congestiﾃｳn en ESTE normalizada (0.0%)
2025-09-11 17:32:51,979 - INFO - [17:32:51] NUEVO AUTO - AUTO_1324 en (900,78)
2025-09-11 17:32:53,091 - INFO - [17:32:53] NUEVO TAXI - TAXI_2413 en (913,161)
2025-09-11 17:32:54,378 - INFO - [17:32:54] NUEVO COMBI - COMBI_2035 en (1400,25)
2025-09-11 17:32:54,795 - INFO - [17:32:54] SEMﾃ：ORO (1200,200) -> AMARILLO
2025-09-11 17:32:54,907 - INFO - [17:32:54] SEMﾃ：ORO (350,450) -> AMARILLO
2025-09-11 17:32:54,972 - INFO - [17:32:54] SEMﾃ：ORO (600,400) -> AMARILLO
2025-09-11 17:32:54,987 - INFO - [17:32:54] SEMﾃ：ORO (800,100) -> AMARILLO
2025-09-11 17:32:55,292 - INFO - [17:32:55] NUEVO TAXI - TAXI_5136 en (800,36)
2025-09-11 17:32:55,309 - INFO - [17:32:55] SEMﾃ：ORO (1400,200) -> AMARILLO
2025-09-11 17:32:55,388 - INFO - [17:32:55] SEMﾃ：ORO (200,720) -> AMARILLO
2025-09-11 17:32:55,420 - INFO - [17:32:55] SEMﾃ：ORO (400,520) -> AMARILLO
2025-09-11 17:32:55,565 - INFO - [17:32:55] SEMﾃ：ORO (1000,600) -> AMARILLO
2025-09-11 17:32:55,630 - INFO - [17:32:55] PARADA DE PASAJEROS (1.6s) - COMBI_2035 en (1400,105)
2025-09-11 17:32:55,693 - WARNING - 泅ｨ ALERTA: Congestiﾃｳn CRﾃ控ICA en NORTE (100.0%)
2025-09-11 17:32:55,774 - INFO - [17:32:55] SEMﾃ：ORO (700,600) -> AMARILLO
2025-09-11 17:32:55,823 - INFO - [17:32:55] SEMﾃ：ORO (1100,200) -> AMARILLO
2025-09-11 17:32:55,823 - INFO - [17:32:55] SEMﾃ：ORO (500,100) -> AMARILLO
2025-09-11 17:32:55,856 - INFO - [17:32:55] SEMﾃ：ORO (500,600) -> AMARILLO
2025-09-11 17:32:55,888 - INFO - [17:32:55] SEMﾃ：ORO (1100,500) -> AMARILLO
2025-09-11 17:32:55,983 - INFO - [17:32:55] SEMﾃ：ORO (200,200) -> AMARILLO
2025-09-11 17:32:56,031 - INFO - [17:32:56] SEMﾃ：ORO (1100,300) -> AMARILLO
2025-09-11 17:32:56,062 - INFO - [17:32:56] SEMﾃ：ORO (100,600) -> AMARILLO
2025-09-11 17:32:56,095 - INFO - [17:32:56] SEMﾃ：ORO (500,300) -> AMARILLO
2025-09-11 17:32:56,191 - INFO - [17:32:56] SEMﾃ：ORO (700,200) -> AMARILLO
2025-09-11 17:32:56,303 - INFO - [17:32:56] NUEVO AUTO - AUTO_9529 en (300,75)
2025-09-11 17:32:56,304 - WARNING - 泅ｨ ALERTA: Congestiﾃｳn CRﾃ控ICA en OESTE (100.0%)
2025-09-11 17:32:56,383 - INFO - [17:32:56] SEMﾃ：ORO (300,300) -> AMARILLO
2025-09-11 17:32:56,401 - INFO - [17:32:56] SEMﾃ：ORO (300,400) -> AMARILLO
2025-09-11 17:32:56,437 - INFO - [17:32:56] SEMﾃ：ORO (900,600) -> AMARILLO
2025-09-11 17:32:56,575 - INFO - [17:32:56] SEMﾃ：ORO (1400,600) -> AMARILLO
2025-09-11 17:32:56,608 - INFO - [17:32:56] SEMﾃ：ORO (300,700) -> AMARILLO
2025-09-11 17:32:56,802 - INFO - 笨 Congestiﾃｳn en OESTE normalizada (0.0%)
2025-09-11 17:32:56,962 - INFO - [17:32:56] SEMﾃ：ORO (800,500) -> AMARILLO
2025-09-11 17:32:56,993 - INFO - [17:32:56] SEMﾃ：ORO (200,600) -> AMARILLO
2025-09-11 17:32:57,042 - INFO - [17:32:57] SEMﾃ：ORO (300,800) -> AMARILLO
2025-09-11 17:32:57,169 - INFO - [17:32:57] SEMﾃ：ORO (100,200) -> AMARILLO
2025-09-11 17:32:57,330 - INFO - [17:32:57] SEMﾃ：ORO (900,200) -> AMARILLO
2025-09-11 17:32:57,361 - INFO - 笨 Congestiﾃｳn en NORTE normalizada (33.3%)
2025-09-11 17:32:57,507 - INFO - [17:32:57] SEMﾃ：ORO (700,350) -> AMARILLO
2025-09-11 17:32:57,538 - INFO - [17:32:57] NUEVO AUTO - AUTO_2448 en (900,89)
2025-09-11 17:32:57,602 - INFO - [17:32:57] SEMﾃ：ORO (800,800) -> AMARILLO
2025-09-11 17:32:57,618 - INFO - [17:32:57] SEMﾃ：ORO (600,200) -> AMARILLO
2025-09-11 17:32:57,635 - INFO - [17:32:57] SEMﾃ：ORO (1300,600) -> AMARILLO
2025-09-11 17:32:57,796 - INFO - [17:32:57] SEMﾃ：ORO (1200,200) -> ROJO
2025-09-11 17:32:57,797 - WARNING - 泅ｨ ALERTA: Congestiﾃｳn CRﾃ控ICA en NORTE (100.0%)
2025-09-11 17:32:57,797 - WARNING - 泅ｨ ALERTA: Congestiﾃｳn CRﾃ控ICA en OESTE (100.0%)
2025-09-11 17:32:57,909 - INFO - [17:32:57] SEMﾃ：ORO (350,450) -> ROJO
2025-09-11 17:32:57,957 - INFO - [17:32:57] SEMﾃ：ORO (1100,800) -> AMARILLO
2025-09-11 17:32:57,988 - INFO - [17:32:57] SEMﾃ：ORO (600,400) -> ROJO
2025-09-11 17:32:57,988 - INFO - [17:32:57] SEMﾃ：ORO (1000,200) -> AMARILLO
2025-09-11 17:32:57,988 - INFO - [17:32:57] SEMﾃ：ORO (800,100) -> ROJO
2025-09-11 17:32:57,988 - INFO - [17:32:57] SEMﾃ：ORO (800,700) -> AMARILLO
2025-09-11 17:32:58,036 - INFO - [17:32:58] SEMﾃ：ORO (800,400) -> AMARILLO
2025-09-11 17:32:58,325 - INFO - [17:32:58] SEMﾃ：ORO (1400,200) -> ROJO
2025-09-11 17:32:58,389 - INFO - [17:32:58] SEMﾃ：ORO (200,720) -> ROJO
2025-09-11 17:32:58,422 - INFO - [17:32:58] SEMﾃ：ORO (400,520) -> ROJO
2025-09-11 17:32:58,501 - INFO - [17:32:58] SEMﾃ：ORO (1000,400) -> AMARILLO
2025-09-11 17:32:58,566 - INFO - [17:32:58] SEMﾃ：ORO (1000,600) -> ROJO
2025-09-11 17:32:58,566 - INFO - [17:32:58] SEMﾃ：ORO (1400,400) -> AMARILLO
2025-09-11 17:32:58,566 - INFO - [17:32:58] SEMﾃ：ORO (600,340) -> AMARILLO
2025-09-11 17:32:58,777 - INFO - [17:32:58] SEMﾃ：ORO (700,600) -> ROJO
2025-09-11 17:32:58,777 - INFO - [17:32:58] SEMﾃ：ORO (800,300) -> AMARILLO
2025-09-11 17:32:58,793 - INFO - [17:32:58] SEMﾃ：ORO (500,500) -> AMARILLO
2025-09-11 17:32:58,825 - INFO - [17:32:58] SEMﾃ：ORO (1100,200) -> ROJO
2025-09-11 17:32:58,825 - INFO - [17:32:58] SEMﾃ：ORO (500,100) -> ROJO
2025-09-11 17:32:58,841 - INFO - [17:32:58] NUEVO AUTO - AUTO_4461 en (300,73)
2025-09-11 17:32:58,857 - INFO - [17:32:58] SEMﾃ：ORO (500,600) -> ROJO
2025-09-11 17:32:58,890 - INFO - [17:32:58] SEMﾃ：ORO (1100,500) -> ROJO
2025-09-11 17:32:58,986 - INFO - [17:32:58] SEMﾃ：ORO (200,200) -> ROJO
2025-09-11 17:32:59,035 - INFO - [17:32:59] SEMﾃ：ORO (1100,300) -> ROJO
2025-09-11 17:32:59,066 - INFO - [17:32:59] SEMﾃ：ORO (100,600) -> ROJO
2025-09-11 17:32:59,098 - INFO - [17:32:59] SEMﾃ：ORO (500,300) -> ROJO
2025-09-11 17:32:59,114 - INFO - [17:32:59] SEMﾃ：ORO (1100,100) -> AMARILLO
2025-09-11 17:32:59,195 - INFO - [17:32:59] SEMﾃ：ORO (700,200) -> ROJO
2025-09-11 17:32:59,211 - INFO - [17:32:59] SEMﾃ：ORO (300,100) -> AMARILLO
2025-09-11 17:32:59,275 - INFO - [17:32:59] SEMﾃ：ORO (900,400) -> AMARILLO
2025-09-11 17:32:59,387 - INFO - [17:32:59] SEMﾃ：ORO (300,300) -> ROJO
2025-09-11 17:32:59,403 - INFO - [17:32:59] SEMﾃ：ORO (300,400) -> ROJO
2025-09-11 17:32:59,435 - INFO - [17:32:59] SEMﾃ：ORO (1100,600) -> AMARILLO
2025-09-11 17:32:59,436 - INFO - [17:32:59] SEMﾃ：ORO (200,400) -> AMARILLO
2025-09-11 17:32:59,451 - INFO - [17:32:59] SEMﾃ：ORO (900,600) -> ROJO
2025-09-11 17:32:59,581 - INFO - [17:32:59] SEMﾃ：ORO (1400,600) -> ROJO
2025-09-11 17:32:59,613 - INFO - [17:32:59] SEMﾃ：ORO (300,700) -> ROJO
2025-09-11 17:32:59,949 - INFO - [17:32:59] SEMﾃ：ORO (300,500) -> AMARILLO
2025-09-11 17:32:59,965 - INFO - [17:32:59] SEMﾃ：ORO (800,500) -> ROJO
2025-09-11 17:32:59,996 - INFO - [17:32:59] SEMﾃ：ORO (200,600) -> ROJO
2025-09-11 17:33:00,045 - INFO - [17:33:00] SEMﾃ：ORO (300,800) -> ROJO
2025-09-11 17:33:00,174 - INFO - [17:33:00] SEMﾃ：ORO (100,200) -> ROJO
2025-09-11 17:33:00,237 - INFO - [17:33:00] NUEVO COMBI - COMBI_2048 en (1100,1)
2025-09-11 17:33:00,238 - WARNING - 泅ｨ ALERTA: Congestiﾃｳn CRﾃ控ICA en ESTE (83.3%)
2025-09-11 17:33:00,318 - INFO - [17:33:00] SEMﾃ：ORO (1200,400) -> AMARILLO
2025-09-11 17:33:00,335 - INFO - [17:33:00] SEMﾃ：ORO (900,200) -> ROJO
2025-09-11 17:33:00,401 - INFO - [17:33:00] SEMﾃ：ORO (500,800) -> AMARILLO
2025-09-11 17:33:00,416 - INFO - [17:33:00] SEMﾃ：ORO (500,400) -> AMARILLO
2025-09-11 17:33:00,450 - INFO - [17:33:00] SEMﾃ：ORO (1200,600) -> AMARILLO
2025-09-11 17:33:00,497 - INFO - [17:33:00] SEMﾃ：ORO (800,200) -> AMARILLO
2025-09-11 17:33:00,514 - INFO - [17:33:00] SEMﾃ：ORO (700,350) -> ROJO
2025-09-11 17:33:00,609 - INFO - [17:33:00] SEMﾃ：ORO (300,600) -> AMARILLO
2025-09-11 17:33:00,609 - INFO - [17:33:00] SEMﾃ：ORO (800,800) -> ROJO
2025-09-11 17:33:00,609 - INFO - [17:33:00] SEMﾃ：ORO (400,320) -> AMARILLO
2025-09-11 17:33:00,625 - INFO - [17:33:00] SEMﾃ：ORO (600,200) -> ROJO
2025-09-11 17:33:00,642 - INFO - [17:33:00] SEMﾃ：ORO (1300,600) -> ROJO
2025-09-11 17:33:00,705 - INFO - [17:33:00] SEMﾃ：ORO (500,700) -> AMARILLO
2025-09-11 17:33:00,883 - INFO - [17:33:00] SEMﾃ：ORO (1300,200) -> AMARILLO
2025-09-11 17:33:00,964 - INFO - [17:33:00] SEMﾃ：ORO (1100,800) -> ROJO
2025-09-11 17:33:00,996 - INFO - [17:33:00] SEMﾃ：ORO (1000,200) -> ROJO
2025-09-11 17:33:00,996 - INFO - [17:33:00] SEMﾃ：ORO (800,700) -> ROJO
2025-09-11 17:33:01,012 - INFO - [17:33:01] SEMﾃ：ORO (1300,400) -> AMARILLO
2025-09-11 17:33:01,028 - INFO - [17:33:01] SEMﾃ：ORO (300,200) -> AMARILLO
2025-09-11 17:33:01,043 - INFO - [17:33:01] SEMﾃ：ORO (800,400) -> ROJO
2025-09-11 17:33:01,124 - INFO - [17:33:01] SEMﾃ：ORO (100,400) -> AMARILLO
2025-09-11 17:33:01,172 - INFO - [17:33:01] NUEVO TAXI - TAXI_5101 en (800,89)
2025-09-11 17:33:01,173 - INFO - [17:33:01] SEMﾃ：ORO (800,600) -> AMARILLO
2025-09-11 17:33:01,204 - INFO - [17:33:01] SEMﾃ：ORO (600,600) -> AMARILLO
2025-09-11 17:33:01,220 - INFO - [17:33:01] SEMﾃ：ORO (600,500) -> AMARILLO
2025-09-11 17:33:01,513 - INFO - [17:33:01] SEMﾃ：ORO (1000,400) -> ROJO
2025-09-11 17:33:01,528 - INFO - [17:33:01] SEMﾃ：ORO (1100,700) -> AMARILLO
2025-09-11 17:33:01,576 - INFO - [17:33:01] SEMﾃ：ORO (1400,400) -> ROJO
2025-09-11 17:33:01,577 - INFO - [17:33:01] SEMﾃ：ORO (600,340) -> ROJO
2025-09-11 17:33:01,593 - INFO - [17:33:01] SEMﾃ：ORO (1100,400) -> AMARILLO
2025-09-11 17:33:01,593 - INFO - [17:33:01] SEMﾃ：ORO (700,400) -> AMARILLO
2025-09-11 17:33:01,609 - INFO - [17:33:01] SEMﾃ：ORO (500,200) -> AMARILLO
2025-09-11 17:33:01,786 - INFO - [17:33:01] SEMﾃ：ORO (800,300) -> ROJO
2025-09-11 17:33:01,802 - INFO - [17:33:01] SEMﾃ：ORO (500,500) -> ROJO
2025-09-11 17:33:02,124 - INFO - [17:33:02] SEMﾃ：ORO (1100,100) -> ROJO
2025-09-11 17:33:02,221 - INFO - [17:33:02] SEMﾃ：ORO (300,100) -> ROJO
2025-09-11 17:33:02,284 - INFO - [17:33:02] SEMﾃ：ORO (900,400) -> ROJO
2025-09-11 17:33:02,365 - INFO - [17:33:02] NUEVO AUTO - AUTO_9708 en (300,80)
2025-09-11 17:33:02,445 - INFO - [17:33:02] SEMﾃ：ORO (1100,600) -> ROJO
2025-09-11 17:33:02,445 - INFO - [17:33:02] SEMﾃ：ORO (200,400) -> ROJO
2025-09-11 17:33:02,816 - INFO - [17:33:02] SEMﾃ：ORO (700,600) -> VERDE
2025-09-11 17:33:02,961 - INFO - [17:33:02] SEMﾃ：ORO (300,500) -> ROJO
2025-09-11 17:33:02,977 - INFO - [17:33:02] SEMﾃ：ORO (400,520) -> VERDE
2025-09-11 17:33:02,992 - INFO - [17:33:02] SEMﾃ：ORO (1200,200) -> VERDE
2025-09-11 17:33:03,329 - INFO - [17:33:03] SEMﾃ：ORO (1200,400) -> ROJO
2025-09-11 17:33:03,411 - INFO - [17:33:03] SEMﾃ：ORO (500,800) -> ROJO
2025-09-11 17:33:03,427 - INFO - [17:33:03] SEMﾃ：ORO (500,400) -> ROJO
2025-09-11 17:33:03,459 - INFO - [17:33:03] SEMﾃ：ORO (1200,600) -> ROJO
2025-09-11 17:33:03,507 - INFO - [17:33:03] SEMﾃ：ORO (800,200) -> ROJO
2025-09-11 17:33:03,572 - INFO - [17:33:03] SEMﾃ：ORO (600,400) -> VERDE
2025-09-11 17:33:03,620 - INFO - [17:33:03] SEMﾃ：ORO (300,600) -> ROJO
2025-09-11 17:33:03,620 - INFO - [17:33:03] SEMﾃ：ORO (400,320) -> ROJO
2025-09-11 17:33:03,717 - INFO - [17:33:03] SEMﾃ：ORO (500,700) -> ROJO
2025-09-11 17:33:03,781 - INFO - [17:33:03] NUEVO COMBI - COMBI_7032 en (1351,652)
2025-09-11 17:33:03,861 - INFO - [17:33:03] SEMﾃ：ORO (500,100) -> VERDE
2025-09-11 17:33:03,893 - INFO - [17:33:03] SEMﾃ：ORO (1300,200) -> ROJO
2025-09-11 17:33:03,958 - INFO - [17:33:03] SEMﾃ：ORO (1100,500) -> VERDE
2025-09-11 17:33:03,989 - INFO - [17:33:03] SEMﾃ：ORO (350,450) -> VERDE
2025-09-11 17:33:04,020 - INFO - [17:33:04] SEMﾃ：ORO (1300,400) -> ROJO
2025-09-11 17:33:04,036 - INFO - [17:33:04] SEMﾃ：ORO (300,200) -> ROJO
2025-09-11 17:33:04,133 - INFO - [17:33:04] SEMﾃ：ORO (100,400) -> ROJO
2025-09-11 17:33:04,181 - INFO - [17:33:04] SEMﾃ：ORO (800,600) -> ROJO
2025-09-11 17:33:04,197 - INFO - [17:33:04] SEMﾃ：ORO (1400,200) -> VERDE
2025-09-11 17:33:04,213 - INFO - [17:33:04] SEMﾃ：ORO (600,600) -> ROJO
2025-09-11 17:33:04,228 - INFO - [17:33:04] SEMﾃ：ORO (600,500) -> ROJO
2025-09-11 17:33:04,340 - INFO - [17:33:04] SEMﾃ：ORO (500,300) -> VERDE
2025-09-11 17:33:04,484 - INFO - [17:33:04] SEMﾃ：ORO (300,700) -> VERDE
2025-09-11 17:33:04,532 - INFO - [17:33:04] SEMﾃ：ORO (1100,700) -> ROJO
2025-09-11 17:33:04,565 - INFO - [17:33:04] SEMﾃ：ORO (1000,600) -> VERDE
2025-09-11 17:33:04,597 - INFO - [17:33:04] SEMﾃ：ORO (1100,400) -> ROJO
2025-09-11 17:33:04,597 - INFO - [17:33:04] SEMﾃ：ORO (700,400) -> ROJO
2025-09-11 17:33:04,612 - INFO - [17:33:04] SEMﾃ：ORO (500,200) -> ROJO
2025-09-11 17:33:05,014 - INFO - [17:33:05] NUEVO AUTO - AUTO_3603 en (1444,425)
2025-09-11 17:33:05,158 - INFO - [17:33:05] SEMﾃ：ORO (200,200) -> VERDE
2025-09-11 17:33:05,334 - INFO - [17:33:05] SEMﾃ：ORO (300,800) -> VERDE
2025-09-11 17:33:05,480 - INFO - [17:33:05] SEMﾃ：ORO (300,300) -> VERDE
2025-09-11 17:33:05,513 - INFO - [17:33:05] SEMﾃ：ORO (800,800) -> VERDE
2025-09-11 17:33:05,545 - INFO - [17:33:05] PARADA DE PASAJEROS (2.5s) - COMBI_7032 en (1389,805)
2025-09-11 17:33:05,626 - WARNING - 泅ｨ ALERTA: Congestiﾃｳn CRﾃ控ICA en SUR (100.0%)
2025-09-11 17:33:05,739 - INFO - [17:33:05] SEMﾃ：ORO (1400,400) -> VERDE
2025-09-11 17:33:05,755 - INFO - [17:33:05] SEMﾃ：ORO (700,350) -> VERDE
2025-09-11 17:33:05,819 - INFO - [17:33:05] SEMﾃ：ORO (800,100) -> VERDE
2025-09-11 17:33:05,836 - INFO - [17:33:05] SEMﾃ：ORO (200,600) -> VERDE
2025-09-11 17:33:05,836 - INFO - [17:33:05] SEMﾃ：ORO (1100,300) -> VERDE
2025-09-11 17:33:05,964 - INFO - [17:33:05] SEMﾃ：ORO (900,200) -> VERDE
2025-09-11 17:33:06,060 - INFO - [17:33:06] SEMﾃ：ORO (1400,600) -> VERDE
2025-09-11 17:33:06,077 - INFO - [17:33:06] SEMﾃ：ORO (200,720) -> VERDE
2025-09-11 17:33:06,172 - INFO - [17:33:06] NUEVO TAXI - TAXI_5982 en (1200,62)
2025-09-11 17:33:06,254 - INFO - 笨 Congestiﾃｳn en NORTE normalizada (55.6%)
2025-09-11 17:33:06,335 - INFO - [17:33:06] SEMﾃ：ORO (600,200) -> VERDE
2025-09-11 17:33:06,448 - INFO - 笨 Congestiﾃｳn en ESTE normalizada (50.0%)
2025-09-11 17:33:06,464 - INFO - [17:33:06] SEMﾃ：ORO (100,200) -> VERDE
2025-09-11 17:33:06,480 - INFO - [17:33:06] SEMﾃ：ORO (700,200) -> VERDE
2025-09-11 17:33:06,544 - INFO - [17:33:06] SEMﾃ：ORO (300,100) -> VERDE
2025-09-11 17:33:06,593 - INFO - [17:33:06] SEMﾃ：ORO (900,600) -> VERDE
2025-09-11 17:33:06,834 - INFO - [17:33:06] SEMﾃ：ORO (100,600) -> VERDE
2025-09-11 17:33:06,966 - INFO - [17:33:06] SEMﾃ：ORO (1300,600) -> VERDE
2025-09-11 17:33:07,015 - INFO - [17:33:07] SEMﾃ：ORO (1000,400) -> VERDE
2025-09-11 17:33:07,128 - INFO - [17:33:07] SEMﾃ：ORO (800,300) -> VERDE
2025-09-11 17:33:07,481 - INFO - [17:33:07] NUEVO TAXI - TAXI_7076 en (1005,604)
2025-09-11 17:33:07,593 - INFO - [17:33:07] SEMﾃ：ORO (500,600) -> VERDE
2025-09-11 17:33:07,594 - INFO - [17:33:07] SEMﾃ：ORO (600,340) -> VERDE
2025-09-11 17:33:07,610 - INFO - [17:33:07] SEMﾃ：ORO (800,400) -> VERDE
2025-09-11 17:33:07,706 - INFO - [17:33:07] SEMﾃ：ORO (400,320) -> VERDE
2025-09-11 17:33:07,722 - INFO - [17:33:07] SEMﾃ：ORO (1000,200) -> VERDE
2025-09-11 17:33:07,738 - WARNING - 泅ｨ ALERTA: Congestiﾃｳn CRﾃ控ICA en NORTE (83.3%)
2025-09-11 17:33:07,754 - INFO - [17:33:07] SEMﾃ：ORO (800,500) -> VERDE
2025-09-11 17:33:07,854 - INFO - [17:33:07] SEMﾃ：ORO (1100,100) -> VERDE
2025-09-11 17:33:07,919 - INFO - [17:33:07] SEMﾃ：ORO (1100,800) -> VERDE
2025-09-11 17:33:08,063 - INFO - [17:33:08] SEMﾃ：ORO (500,700) -> VERDE
2025-09-11 17:33:08,175 - INFO - [17:33:08] SEMﾃ：ORO (500,800) -> VERDE
2025-09-11 17:33:08,208 - INFO - 笨 Congestiﾃｳn en SUR normalizada (0.0%)
2025-09-11 17:33:08,224 - INFO - [17:33:08] SEMﾃ：ORO (400,520) -> AMARILLO
2025-09-11 17:33:08,562 - INFO - [17:33:08] SEMﾃ：ORO (300,500) -> VERDE
2025-09-11 17:33:08,721 - INFO - [17:33:08] SEMﾃ：ORO (900,400) -> VERDE
2025-09-11 17:33:08,898 - INFO - [17:33:08] NUEVO AUTO - AUTO_7744 en (1350,651)
2025-09-11 17:33:08,962 - INFO - [17:33:08] SEMﾃ：ORO (800,700) -> VERDE
2025-09-11 17:33:08,962 - WARNING - 泅ｨ ALERTA: Congestiﾃｳn CRﾃ控ICA en ESTE (88.9%)
2025-09-11 17:33:09,042 - INFO - [17:33:09] SEMﾃ：ORO (600,400) -> AMARILLO
2025-09-11 17:33:09,252 - INFO - [17:33:09] SEMﾃ：ORO (1200,400) -> VERDE
2025-09-11 17:33:09,562 - INFO - 笨 Congestiﾃｳn en ESTE normalizada (55.6%)
2025-09-11 17:33:09,737 - INFO - [17:33:09] SEMﾃ：ORO (200,400) -> VERDE
2025-09-11 17:33:09,771 - INFO - [17:33:09] SEMﾃ：ORO (500,500) -> VERDE
2025-09-11 17:33:09,978 - INFO - [17:33:09] SEMﾃ：ORO (300,400) -> VERDE
2025-09-11 17:33:09,994 - INFO - [17:33:09] SEMﾃ：ORO (500,100) -> AMARILLO
2025-09-11 17:33:10,092 - INFO - [17:33:10] NUEVO TAXI - TAXI_6005 en (2,700)
2025-09-11 17:33:10,188 - INFO - [17:33:10] SEMﾃ：ORO (300,600) -> VERDE
2025-09-11 17:33:10,219 - INFO - [17:33:10] SEMﾃ：ORO (1200,600) -> VERDE
2025-09-11 17:33:10,301 - INFO - [17:33:10] SEMﾃ：ORO (1100,700) -> VERDE
2025-09-11 17:33:10,348 - INFO - [17:33:10] SEMﾃ：ORO (1000,600) -> AMARILLO
2025-09-11 17:33:10,364 - INFO - [17:33:10] SEMﾃ：ORO (600,500) -> VERDE
2025-09-11 17:33:10,462 - INFO - 笨 Congestiﾃｳn en OESTE normalizada (50.0%)
2025-09-11 17:33:10,766 - INFO - Simulaciﾃｳn finalizada
2025-09-11 17:33:10,766 - INFO - Duraciﾃｳn total: 21.1 segundos
2025-09-11 17:33:10,766 - INFO - Vehﾃｭculos generados: 17
2025-09-11 17:33:10,766 - INFO - Mﾃ｡ximo simultﾃ｡neo: 14
